{"C:\\Users\\karme\\OneDrive\\Desktop\\ggcmaps-fall25\\components\\CampusMapView.js": {"path":"C:\\Users\\karme\\OneDrive\\Desktop\\ggcmaps-fall25\\components\\CampusMapView.js","statementMap":{"0":{"start":{"line":12,"column":24},"end":{"line":12,"column":38}},"1":{"start":{"line":4,"column":66},"end":{"line":4,"column":null}},"2":{"start":{"line":5,"column":26},"end":{"line":5,"column":null}},"3":{"start":{"line":6,"column":22},"end":{"line":6,"column":null}},"4":{"start":{"line":7,"column":20},"end":{"line":7,"column":null}},"5":{"start":{"line":8,"column":26},"end":{"line":8,"column":null}},"6":{"start":{"line":9,"column":22},"end":{"line":9,"column":null}},"7":{"start":{"line":16,"column":38},"end":{"line":16,"column":null}},"8":{"start":{"line":17,"column":17},"end":{"line":17,"column":null}},"9":{"start":{"line":18,"column":27},"end":{"line":18,"column":null}},"10":{"start":{"line":21,"column":16},"end":{"line":23,"column":null}},"11":{"start":{"line":22,"column":10},"end":{"line":22,"column":null}},"12":{"start":{"line":22,"column":39},"end":{"line":22,"column":null}},"13":{"start":{"line":27,"column":22},"end":{"line":27,"column":null}},"14":{"start":{"line":28,"column":23},"end":{"line":47,"column":null}},"15":{"start":{"line":29,"column":29},"end":{"line":29,"column":null}},"16":{"start":{"line":30,"column":4},"end":{"line":30,"column":null}},"17":{"start":{"line":30,"column":34},"end":{"line":30,"column":null}},"18":{"start":{"line":32,"column":4},"end":{"line":34,"column":null}},"19":{"start":{"line":33,"column":6},"end":{"line":33,"column":null}},"20":{"start":{"line":35,"column":4},"end":{"line":37,"column":null}},"21":{"start":{"line":36,"column":6},"end":{"line":36,"column":null}},"22":{"start":{"line":39,"column":17},"end":{"line":39,"column":null}},"23":{"start":{"line":40,"column":4},"end":{"line":43,"column":null}},"24":{"start":{"line":41,"column":6},"end":{"line":41,"column":null}},"25":{"start":{"line":42,"column":6},"end":{"line":42,"column":null}},"26":{"start":{"line":44,"column":4},"end":{"line":46,"column":null}},"27":{"start":{"line":45,"column":6},"end":{"line":45,"column":null}},"28":{"start":{"line":49,"column":2},"end":{"line":59,"column":null}},"29":{"start":{"line":50,"column":20},"end":{"line":56,"column":null}},"30":{"start":{"line":51,"column":23},"end":{"line":51,"column":null}},"31":{"start":{"line":52,"column":19},"end":{"line":52,"column":null}},"32":{"start":{"line":53,"column":6},"end":{"line":55,"column":null}},"33":{"start":{"line":54,"column":8},"end":{"line":54,"column":null}},"34":{"start":{"line":57,"column":4},"end":{"line":57,"column":null}},"35":{"start":{"line":58,"column":4},"end":{"line":58,"column":null}},"36":{"start":{"line":58,"column":17},"end":{"line":58,"column":null}},"37":{"start":{"line":62,"column":38},"end":{"line":88,"column":null}},"38":{"start":{"line":63,"column":20},"end":{"line":63,"column":null}},"39":{"start":{"line":64,"column":4},"end":{"line":64,"column":null}},"40":{"start":{"line":64,"column":18},"end":{"line":64,"column":null}},"41":{"start":{"line":66,"column":36},"end":{"line":76,"column":null}},"42":{"start":{"line":78,"column":4},"end":{"line":87,"column":null}},"43":{"start":{"line":79,"column":6},"end":{"line":86,"column":null}},"44":{"start":{"line":80,"column":8},"end":{"line":80,"column":null}},"45":{"start":{"line":81,"column":8},"end":{"line":85,"column":null}},"46":{"start":{"line":82,"column":10},"end":{"line":84,"column":null}},"47":{"start":{"line":83,"column":12},"end":{"line":83,"column":null}},"48":{"start":{"line":90,"column":2},"end":{"line":92,"column":null}},"49":{"start":{"line":91,"column":4},"end":{"line":91,"column":null}},"50":{"start":{"line":95,"column":18},"end":{"line":95,"column":null}},"51":{"start":{"line":98,"column":25},"end":{"line":139,"column":null}},"52":{"start":{"line":99,"column":4},"end":{"line":99,"column":null}},"53":{"start":{"line":101,"column":20},"end":{"line":101,"column":null}},"54":{"start":{"line":102,"column":20},"end":{"line":102,"column":null}},"55":{"start":{"line":103,"column":4},"end":{"line":103,"column":null}},"56":{"start":{"line":103,"column":18},"end":{"line":103,"column":null}},"57":{"start":{"line":105,"column":4},"end":{"line":105,"column":null}},"58":{"start":{"line":106,"column":4},"end":{"line":106,"column":null}},"59":{"start":{"line":108,"column":4},"end":{"line":110,"column":null}},"60":{"start":{"line":109,"column":6},"end":{"line":109,"column":null}},"61":{"start":{"line":109,"column":26},"end":{"line":109,"column":null}},"62":{"start":{"line":114,"column":6},"end":{"line":114,"column":null}},"63":{"start":{"line":115,"column":4},"end":{"line":117,"column":null}},"64":{"start":{"line":116,"column":6},"end":{"line":116,"column":null}},"65":{"start":{"line":119,"column":4},"end":{"line":128,"column":null}},"66":{"start":{"line":120,"column":6},"end":{"line":127,"column":null}},"67":{"start":{"line":121,"column":8},"end":{"line":124,"column":null}},"68":{"start":{"line":129,"column":4},"end":{"line":138,"column":null}},"69":{"start":{"line":130,"column":6},"end":{"line":137,"column":null}},"70":{"start":{"line":131,"column":21},"end":{"line":131,"column":40}},"71":{"start":{"line":132,"column":24},"end":{"line":132,"column":null}},"72":{"start":{"line":133,"column":24},"end":{"line":133,"column":null}},"73":{"start":{"line":134,"column":8},"end":{"line":134,"column":null}},"74":{"start":{"line":181,"column":16},"end":{"line":181,"column":null}},"75":{"start":{"line":182,"column":16},"end":{"line":184,"column":null}},"76":{"start":{"line":183,"column":18},"end":{"line":183,"column":null}}},"fnMap":{"0":{"name":"CampusMapView","decl":{"start":{"line":12,"column":24},"end":{"line":12,"column":38}},"loc":{"start":{"line":15,"column":1},"end":{"line":194,"column":null}}},"1":{"name":"(anonymous_3)","decl":{"start":{"line":22,"column":4},"end":{"line":22,"column":10}},"loc":{"start":{"line":22,"column":10},"end":{"line":22,"column":null}}},"2":{"name":"(anonymous_4)","decl":{"start":{"line":22,"column":32},"end":{"line":22,"column":33}},"loc":{"start":{"line":22,"column":39},"end":{"line":22,"column":null}}},"3":{"name":"(anonymous_5)","decl":{"start":{"line":28,"column":23},"end":{"line":28,"column":24}},"loc":{"start":{"line":28,"column":28},"end":{"line":47,"column":null}}},"4":{"name":"(anonymous_6)","decl":{"start":{"line":49,"column":12},"end":{"line":49,"column":null}},"loc":{"start":{"line":49,"column":12},"end":{"line":59,"column":5}}},"5":{"name":"(anonymous_7)","decl":{"start":{"line":50,"column":20},"end":{"line":50,"column":21}},"loc":{"start":{"line":50,"column":21},"end":{"line":56,"column":null}}},"6":{"name":"(anonymous_8)","decl":{"start":{"line":58,"column":11},"end":{"line":58,"column":17}},"loc":{"start":{"line":58,"column":17},"end":{"line":58,"column":null}}},"7":{"name":"(anonymous_9)","decl":{"start":{"line":62,"column":50},"end":{"line":62,"column":null}},"loc":{"start":{"line":62,"column":50},"end":{"line":88,"column":5}}},"8":{"name":"(anonymous_10)","decl":{"start":{"line":78,"column":36},"end":{"line":78,"column":37}},"loc":{"start":{"line":78,"column":37},"end":{"line":87,"column":null}}},"9":{"name":"(anonymous_11)","decl":{"start":{"line":79,"column":49},"end":{"line":79,"column":50}},"loc":{"start":{"line":79,"column":50},"end":{"line":86,"column":null}}},"10":{"name":"(anonymous_12)","decl":{"start":{"line":82,"column":53},"end":{"line":82,"column":54}},"loc":{"start":{"line":82,"column":54},"end":{"line":84,"column":null}}},"11":{"name":"(anonymous_13)","decl":{"start":{"line":90,"column":12},"end":{"line":90,"column":null}},"loc":{"start":{"line":90,"column":12},"end":{"line":92,"column":5}}},"12":{"name":"(anonymous_14)","decl":{"start":{"line":98,"column":37},"end":{"line":98,"column":null}},"loc":{"start":{"line":98,"column":37},"end":{"line":139,"column":5}}},"13":{"name":"(anonymous_15)","decl":{"start":{"line":108,"column":58},"end":{"line":108,"column":59}},"loc":{"start":{"line":108,"column":59},"end":{"line":110,"column":null}}},"14":{"name":"(anonymous_16)","decl":{"start":{"line":180,"column":23},"end":{"line":180,"column":null}},"loc":{"start":{"line":180,"column":23},"end":{"line":185,"column":null}}}},"branchMap":{"0":{"loc":{"start":{"line":13,"column":2},"end":{"line":13,"column":43}},"type":"default-arg","locations":[{"start":{"line":13,"column":8},"end":{"line":13,"column":43}}]},"1":{"loc":{"start":{"line":14,"column":2},"end":{"line":14,"column":70}},"type":"default-arg","locations":[{"start":{"line":14,"column":24},"end":{"line":14,"column":70}}]},"2":{"loc":{"start":{"line":30,"column":4},"end":{"line":30,"column":null}},"type":"if","locations":[{"start":{"line":30,"column":4},"end":{"line":30,"column":null}},{"start":{},"end":{}}]},"3":{"loc":{"start":{"line":30,"column":8},"end":{"line":30,"column":34}},"type":"binary-expr","locations":[{"start":{"line":30,"column":8},"end":{"line":30,"column":15}},{"start":{"line":30,"column":15},"end":{"line":30,"column":34}}]},"4":{"loc":{"start":{"line":32,"column":4},"end":{"line":34,"column":null}},"type":"if","locations":[{"start":{"line":32,"column":4},"end":{"line":34,"column":null}},{"start":{},"end":{}}]},"5":{"loc":{"start":{"line":35,"column":4},"end":{"line":37,"column":null}},"type":"if","locations":[{"start":{"line":35,"column":4},"end":{"line":37,"column":null}},{"start":{},"end":{}}]},"6":{"loc":{"start":{"line":39,"column":17},"end":{"line":39,"column":null}},"type":"cond-expr","locations":[{"start":{"line":39,"column":22},"end":{"line":39,"column":49}},{"start":{"line":39,"column":49},"end":{"line":39,"column":null}}]},"7":{"loc":{"start":{"line":40,"column":4},"end":{"line":43,"column":null}},"type":"if","locations":[{"start":{"line":40,"column":4},"end":{"line":43,"column":null}},{"start":{},"end":{}}]},"8":{"loc":{"start":{"line":40,"column":8},"end":{"line":40,"column":66}},"type":"binary-expr","locations":[{"start":{"line":40,"column":8},"end":{"line":40,"column":29}},{"start":{"line":40,"column":29},"end":{"line":40,"column":37}},{"start":{"line":40,"column":37},"end":{"line":40,"column":66}}]},"9":{"loc":{"start":{"line":44,"column":4},"end":{"line":46,"column":null}},"type":"if","locations":[{"start":{"line":44,"column":4},"end":{"line":46,"column":null}},{"start":{},"end":{}}]},"10":{"loc":{"start":{"line":44,"column":8},"end":{"line":44,"column":33}},"type":"binary-expr","locations":[{"start":{"line":44,"column":8},"end":{"line":44,"column":16}},{"start":{"line":44,"column":16},"end":{"line":44,"column":33}}]},"11":{"loc":{"start":{"line":51,"column":23},"end":{"line":51,"column":null}},"type":"binary-expr","locations":[{"start":{"line":51,"column":23},"end":{"line":51,"column":44}},{"start":{"line":51,"column":44},"end":{"line":51,"column":null}}]},"12":{"loc":{"start":{"line":52,"column":19},"end":{"line":52,"column":null}},"type":"cond-expr","locations":[{"start":{"line":52,"column":30},"end":{"line":52,"column":63}},{"start":{"line":52,"column":63},"end":{"line":52,"column":null}}]},"13":{"loc":{"start":{"line":53,"column":6},"end":{"line":55,"column":null}},"type":"if","locations":[{"start":{"line":53,"column":6},"end":{"line":55,"column":null}},{"start":{},"end":{}}]},"14":{"loc":{"start":{"line":53,"column":10},"end":{"line":53,"column":63}},"type":"binary-expr","locations":[{"start":{"line":53,"column":10},"end":{"line":53,"column":23}},{"start":{"line":53,"column":23},"end":{"line":53,"column":63}}]},"15":{"loc":{"start":{"line":53,"column":44},"end":{"line":53,"column":63}},"type":"binary-expr","locations":[{"start":{"line":53,"column":44},"end":{"line":53,"column":52}},{"start":{"line":53,"column":52},"end":{"line":53,"column":63}}]},"16":{"loc":{"start":{"line":64,"column":4},"end":{"line":64,"column":null}},"type":"if","locations":[{"start":{"line":64,"column":4},"end":{"line":64,"column":null}},{"start":{},"end":{}}]},"17":{"loc":{"start":{"line":81,"column":8},"end":{"line":85,"column":null}},"type":"if","locations":[{"start":{"line":81,"column":8},"end":{"line":85,"column":null}},{"start":{},"end":{}}]},"18":{"loc":{"start":{"line":103,"column":4},"end":{"line":103,"column":null}},"type":"if","locations":[{"start":{"line":103,"column":4},"end":{"line":103,"column":null}},{"start":{},"end":{}}]},"19":{"loc":{"start":{"line":109,"column":6},"end":{"line":109,"column":null}},"type":"if","locations":[{"start":{"line":109,"column":6},"end":{"line":109,"column":null}},{"start":{},"end":{}}]},"20":{"loc":{"start":{"line":114,"column":6},"end":{"line":114,"column":null}},"type":"binary-expr","locations":[{"start":{"line":114,"column":6},"end":{"line":114,"column":53}},{"start":{"line":114,"column":53},"end":{"line":114,"column":null}}]},"21":{"loc":{"start":{"line":115,"column":4},"end":{"line":117,"column":null}},"type":"if","locations":[{"start":{"line":115,"column":4},"end":{"line":117,"column":null}},{"start":{},"end":{}}]},"22":{"loc":{"start":{"line":119,"column":4},"end":{"line":128,"column":null}},"type":"if","locations":[{"start":{"line":119,"column":4},"end":{"line":128,"column":null}},{"start":{},"end":{}}]},"23":{"loc":{"start":{"line":119,"column":8},"end":{"line":119,"column":79}},"type":"binary-expr","locations":[{"start":{"line":119,"column":8},"end":{"line":119,"column":23}},{"start":{"line":119,"column":27},"end":{"line":119,"column":79}}]},"24":{"loc":{"start":{"line":129,"column":4},"end":{"line":138,"column":null}},"type":"if","locations":[{"start":{"line":129,"column":4},"end":{"line":138,"column":null}},{"start":{},"end":{}}]},"25":{"loc":{"start":{"line":129,"column":8},"end":{"line":129,"column":75}},"type":"binary-expr","locations":[{"start":{"line":129,"column":8},"end":{"line":129,"column":23}},{"start":{"line":129,"column":27},"end":{"line":129,"column":75}}]},"26":{"loc":{"start":{"line":174,"column":7},"end":{"line":174,"column":null}},"type":"binary-expr","locations":[{"start":{"line":174,"column":7},"end":{"line":174,"column":null}}]},"27":{"loc":{"start":{"line":182,"column":16},"end":{"line":184,"column":null}},"type":"if","locations":[{"start":{"line":182,"column":16},"end":{"line":184,"column":null}},{"start":{},"end":{}}]}},"s":{"0":2,"1":1,"2":1,"3":1,"4":1,"5":1,"6":1,"7":7,"8":7,"9":7,"10":7,"11":2,"12":26,"13":7,"14":7,"15":3,"16":3,"17":0,"18":3,"19":3,"20":3,"21":3,"22":3,"23":3,"24":2,"25":2,"26":1,"27":1,"28":7,"29":2,"30":2,"31":2,"32":2,"33":2,"34":2,"35":2,"36":2,"37":7,"38":7,"39":7,"40":2,"41":5,"42":5,"43":45,"44":10,"45":10,"46":5,"47":5,"48":7,"49":2,"50":7,"51":7,"52":5,"53":5,"54":5,"55":5,"56":0,"57":5,"58":5,"59":5,"60":0,"61":0,"62":5,"63":5,"64":5,"65":5,"66":5,"67":5,"68":5,"69":5,"70":5,"71":0,"72":0,"73":0,"74":1,"75":1,"76":1},"f":{"0":7,"1":2,"2":26,"3":3,"4":2,"5":2,"6":2,"7":7,"8":45,"9":10,"10":5,"11":2,"12":5,"13":0,"14":1},"b":{"0":[7],"1":[7],"2":[0,3],"3":[3,0],"4":[3,0],"5":[3,0],"6":[3,0],"7":[2,1],"8":[3,1,1],"9":[1,0],"10":[1,1],"11":[2,0],"12":[2,0],"13":[2,0],"14":[2,2],"15":[2,0],"16":[2,5],"17":[5,5],"18":[0,5],"19":[0,0],"20":[5,5],"21":[5,0],"22":[5,0],"23":[5,5],"24":[5,0],"25":[5,5],"26":[7],"27":[1,0]}}
,"C:\\Users\\karme\\OneDrive\\Desktop\\ggcmaps-fall25\\components\\Find.js": {"path":"C:\\Users\\karme\\OneDrive\\Desktop\\ggcmaps-fall25\\components\\Find.js","statementMap":{"0":{"start":{"line":47,"column":24},"end":{"line":47,"column":null}},"1":{"start":{"line":3,"column":45},"end":{"line":3,"column":null}},"2":{"start":{"line":4,"column":18},"end":{"line":4,"column":null}},"3":{"start":{"line":5,"column":26},"end":{"line":5,"column":null}},"4":{"start":{"line":6,"column":24},"end":{"line":6,"column":null}},"5":{"start":{"line":7,"column":21},"end":{"line":7,"column":null}},"6":{"start":{"line":8,"column":26},"end":{"line":8,"column":null}},"7":{"start":{"line":11,"column":15},"end":{"line":11,"column":null}},"8":{"start":{"line":12,"column":2},"end":{"line":12,"column":null}},"9":{"start":{"line":12,"column":13},"end":{"line":12,"column":null}},"10":{"start":{"line":14,"column":14},"end":{"line":14,"column":null}},"11":{"start":{"line":15,"column":2},"end":{"line":15,"column":null}},"12":{"start":{"line":15,"column":12},"end":{"line":15,"column":null}},"13":{"start":{"line":17,"column":2},"end":{"line":18,"column":null}},"14":{"start":{"line":18,"column":4},"end":{"line":18,"column":null}},"15":{"start":{"line":22,"column":4},"end":{"line":23,"column":null}},"16":{"start":{"line":24,"column":2},"end":{"line":24,"column":null}},"17":{"start":{"line":24,"column":14},"end":{"line":24,"column":null}},"18":{"start":{"line":26,"column":16},"end":{"line":26,"column":null}},"19":{"start":{"line":27,"column":16},"end":{"line":27,"column":null}},"20":{"start":{"line":29,"column":2},"end":{"line":29,"column":null}},"21":{"start":{"line":29,"column":13},"end":{"line":29,"column":null}},"22":{"start":{"line":30,"column":2},"end":{"line":30,"column":null}},"23":{"start":{"line":30,"column":13},"end":{"line":30,"column":null}},"24":{"start":{"line":32,"column":2},"end":{"line":32,"column":null}},"25":{"start":{"line":32,"column":28},"end":{"line":32,"column":null}},"26":{"start":{"line":33,"column":2},"end":{"line":33,"column":null}},"27":{"start":{"line":33,"column":28},"end":{"line":33,"column":null}},"28":{"start":{"line":35,"column":2},"end":{"line":35,"column":null}},"29":{"start":{"line":39,"column":13},"end":{"line":39,"column":null}},"30":{"start":{"line":40,"column":2},"end":{"line":40,"column":null}},"31":{"start":{"line":40,"column":10},"end":{"line":40,"column":null}},"32":{"start":{"line":42,"column":2},"end":{"line":42,"column":null}},"33":{"start":{"line":42,"column":21},"end":{"line":42,"column":null}},"34":{"start":{"line":43,"column":2},"end":{"line":43,"column":null}},"35":{"start":{"line":43,"column":19},"end":{"line":43,"column":68}},"36":{"start":{"line":48,"column":34},"end":{"line":48,"column":null}},"37":{"start":{"line":49,"column":25},"end":{"line":49,"column":null}},"38":{"start":{"line":50,"column":36},"end":{"line":50,"column":null}},"39":{"start":{"line":51,"column":15},"end":{"line":51,"column":null}},"40":{"start":{"line":52,"column":18},"end":{"line":58,"column":null}},"41":{"start":{"line":60,"column":28},"end":{"line":140,"column":5}},"42":{"start":{"line":61,"column":20},"end":{"line":61,"column":null}},"43":{"start":{"line":63,"column":2},"end":{"line":66,"column":null}},"44":{"start":{"line":64,"column":4},"end":{"line":64,"column":null}},"45":{"start":{"line":65,"column":4},"end":{"line":65,"column":12}},"46":{"start":{"line":68,"column":19},"end":{"line":68,"column":37}},"47":{"start":{"line":70,"column":4},"end":{"line":138,"column":null}},"48":{"start":{"line":71,"column":6},"end":{"line":71,"column":null}},"49":{"start":{"line":72,"column":40},"end":{"line":72,"column":null}},"50":{"start":{"line":73,"column":6},"end":{"line":73,"column":null}},"51":{"start":{"line":75,"column":22},"end":{"line":76,"column":null}},"52":{"start":{"line":79,"column":6},"end":{"line":84,"column":null}},"53":{"start":{"line":80,"column":4},"end":{"line":80,"column":null}},"54":{"start":{"line":82,"column":4},"end":{"line":82,"column":null}},"55":{"start":{"line":85,"column":6},"end":{"line":85,"column":null}},"56":{"start":{"line":86,"column":6},"end":{"line":86,"column":null}},"57":{"start":{"line":87,"column":6},"end":{"line":87,"column":null}},"58":{"start":{"line":90,"column":9},"end":{"line":138,"column":null}},"59":{"start":{"line":91,"column":21},"end":{"line":91,"column":null}},"60":{"start":{"line":92,"column":6},"end":{"line":92,"column":null}},"61":{"start":{"line":93,"column":6},"end":{"line":93,"column":null}},"62":{"start":{"line":96,"column":9},"end":{"line":138,"column":null}},"63":{"start":{"line":97,"column":21},"end":{"line":97,"column":null}},"64":{"start":{"line":98,"column":18},"end":{"line":98,"column":null}},"65":{"start":{"line":99,"column":6},"end":{"line":99,"column":null}},"66":{"start":{"line":100,"column":6},"end":{"line":100,"column":null}},"67":{"start":{"line":103,"column":9},"end":{"line":138,"column":null}},"68":{"start":{"line":104,"column":6},"end":{"line":104,"column":null}},"69":{"start":{"line":108,"column":14},"end":{"line":109,"column":null}},"70":{"start":{"line":109,"column":14},"end":{"line":109,"column":null}},"71":{"start":{"line":113,"column":6},"end":{"line":118,"column":null}},"72":{"start":{"line":114,"column":4},"end":{"line":117,"column":null}},"73":{"start":{"line":115,"column":44},"end":{"line":115,"column":null}},"74":{"start":{"line":116,"column":6},"end":{"line":116,"column":null}},"75":{"start":{"line":120,"column":6},"end":{"line":135,"column":null}},"76":{"start":{"line":121,"column":6},"end":{"line":121,"column":null}},"77":{"start":{"line":122,"column":6},"end":{"line":122,"column":null}},"78":{"start":{"line":124,"column":6},"end":{"line":124,"column":null}},"79":{"start":{"line":125,"column":19},"end":{"line":125,"column":null}},"80":{"start":{"line":126,"column":12},"end":{"line":126,"column":null}},"81":{"start":{"line":127,"column":2},"end":{"line":127,"column":null}},"82":{"start":{"line":127,"column":12},"end":{"line":127,"column":46}},"83":{"start":{"line":127,"column":46},"end":{"line":127,"column":54}},"84":{"start":{"line":128,"column":16},"end":{"line":128,"column":20}},"85":{"start":{"line":129,"column":19},"end":{"line":129,"column":null}},"86":{"start":{"line":130,"column":2},"end":{"line":130,"column":null}},"87":{"start":{"line":132,"column":2},"end":{"line":132,"column":null}},"88":{"start":{"line":132,"column":33},"end":{"line":132,"column":null}},"89":{"start":{"line":133,"column":2},"end":{"line":133,"column":null}},"90":{"start":{"line":142,"column":22},"end":{"line":144,"column":null}},"91":{"start":{"line":143,"column":4},"end":{"line":143,"column":null}},"92":{"start":{"line":162,"column":27},"end":{"line":162,"column":null}},"93":{"start":{"line":163,"column":28},"end":{"line":163,"column":null}},"94":{"start":{"line":239,"column":89},"end":{"line":239,"column":109}}},"fnMap":{"0":{"name":"highlightInPage","decl":{"start":{"line":10,"column":9},"end":{"line":10,"column":25}},"loc":{"start":{"line":10,"column":31},"end":{"line":36,"column":null}}},"1":{"name":"(anonymous_3)","decl":{"start":{"line":17,"column":47},"end":{"line":17,"column":null}},"loc":{"start":{"line":18,"column":4},"end":{"line":18,"column":null}}},"2":{"name":"highlightWithRetry","decl":{"start":{"line":38,"column":9},"end":{"line":38,"column":28}},"loc":{"start":{"line":38,"column":62},"end":{"line":44,"column":null}}},"3":{"name":"(anonymous_5)","decl":{"start":{"line":43,"column":13},"end":{"line":43,"column":19}},"loc":{"start":{"line":43,"column":19},"end":{"line":43,"column":68}}},"4":{"name":"Find","decl":{"start":{"line":47,"column":24},"end":{"line":47,"column":null}},"loc":{"start":{"line":47,"column":24},"end":{"line":244,"column":null}}},"5":{"name":"(anonymous_7)","decl":{"start":{"line":60,"column":28},"end":{"line":60,"column":null}},"loc":{"start":{"line":60,"column":28},"end":{"line":140,"column":5}}},"6":{"name":"(anonymous_8)","decl":{"start":{"line":109,"column":4},"end":{"line":109,"column":5}},"loc":{"start":{"line":109,"column":14},"end":{"line":109,"column":null}}},"7":{"name":"(anonymous_9)","decl":{"start":{"line":114,"column":23},"end":{"line":114,"column":24}},"loc":{"start":{"line":114,"column":24},"end":{"line":117,"column":null}}},"8":{"name":"(anonymous_10)","decl":{"start":{"line":142,"column":22},"end":{"line":142,"column":null}},"loc":{"start":{"line":142,"column":22},"end":{"line":144,"column":null}}},"9":{"name":"(anonymous_11)","decl":{"start":{"line":162,"column":20},"end":{"line":162,"column":21}},"loc":{"start":{"line":162,"column":27},"end":{"line":162,"column":null}}},"10":{"name":"(anonymous_12)","decl":{"start":{"line":163,"column":21},"end":{"line":163,"column":22}},"loc":{"start":{"line":163,"column":28},"end":{"line":163,"column":null}}},"11":{"name":"(anonymous_13)","decl":{"start":{"line":239,"column":83},"end":{"line":239,"column":89}},"loc":{"start":{"line":239,"column":89},"end":{"line":239,"column":109}}}},"branchMap":{"0":{"loc":{"start":{"line":12,"column":2},"end":{"line":12,"column":null}},"type":"if","locations":[{"start":{"line":12,"column":2},"end":{"line":12,"column":null}},{"start":{},"end":{}}]},"1":{"loc":{"start":{"line":15,"column":2},"end":{"line":15,"column":null}},"type":"if","locations":[{"start":{"line":15,"column":2},"end":{"line":15,"column":null}},{"start":{},"end":{}}]},"2":{"loc":{"start":{"line":22,"column":4},"end":{"line":23,"column":null}},"type":"binary-expr","locations":[{"start":{"line":22,"column":4},"end":{"line":22,"column":null}},{"start":{"line":23,"column":4},"end":{"line":23,"column":null}}]},"3":{"loc":{"start":{"line":24,"column":2},"end":{"line":24,"column":null}},"type":"if","locations":[{"start":{"line":24,"column":2},"end":{"line":24,"column":null}},{"start":{},"end":{}}]},"4":{"loc":{"start":{"line":26,"column":16},"end":{"line":26,"column":null}},"type":"binary-expr","locations":[{"start":{"line":26,"column":16},"end":{"line":26,"column":48}},{"start":{"line":26,"column":48},"end":{"line":26,"column":null}}]},"5":{"loc":{"start":{"line":27,"column":16},"end":{"line":27,"column":null}},"type":"binary-expr","locations":[{"start":{"line":27,"column":16},"end":{"line":27,"column":49}},{"start":{"line":27,"column":49},"end":{"line":27,"column":null}}]},"6":{"loc":{"start":{"line":29,"column":2},"end":{"line":29,"column":null}},"type":"if","locations":[{"start":{"line":29,"column":2},"end":{"line":29,"column":null}},{"start":{},"end":{}}]},"7":{"loc":{"start":{"line":30,"column":2},"end":{"line":30,"column":null}},"type":"if","locations":[{"start":{"line":30,"column":2},"end":{"line":30,"column":null}},{"start":{},"end":{}}]},"8":{"loc":{"start":{"line":32,"column":2},"end":{"line":32,"column":null}},"type":"if","locations":[{"start":{"line":32,"column":2},"end":{"line":32,"column":null}},{"start":{},"end":{}}]},"9":{"loc":{"start":{"line":33,"column":2},"end":{"line":33,"column":null}},"type":"if","locations":[{"start":{"line":33,"column":2},"end":{"line":33,"column":null}},{"start":{},"end":{}}]},"10":{"loc":{"start":{"line":38,"column":36},"end":{"line":38,"column":49}},"type":"default-arg","locations":[{"start":{"line":38,"column":47},"end":{"line":38,"column":49}}]},"11":{"loc":{"start":{"line":38,"column":51},"end":{"line":38,"column":62}},"type":"default-arg","locations":[{"start":{"line":38,"column":59},"end":{"line":38,"column":62}}]},"12":{"loc":{"start":{"line":40,"column":2},"end":{"line":40,"column":null}},"type":"if","locations":[{"start":{"line":40,"column":2},"end":{"line":40,"column":null}},{"start":{},"end":{}}]},"13":{"loc":{"start":{"line":42,"column":2},"end":{"line":42,"column":null}},"type":"if","locations":[{"start":{"line":42,"column":2},"end":{"line":42,"column":null}},{"start":{},"end":{}}]},"14":{"loc":{"start":{"line":63,"column":2},"end":{"line":66,"column":null}},"type":"if","locations":[{"start":{"line":63,"column":2},"end":{"line":66,"column":null}},{"start":{},"end":{}}]},"15":{"loc":{"start":{"line":70,"column":4},"end":{"line":138,"column":null}},"type":"if","locations":[{"start":{"line":70,"column":4},"end":{"line":138,"column":null}},{"start":{"line":90,"column":9},"end":{"line":138,"column":null}}]},"16":{"loc":{"start":{"line":79,"column":6},"end":{"line":84,"column":null}},"type":"if","locations":[{"start":{"line":79,"column":6},"end":{"line":84,"column":null}},{"start":{"line":81,"column":9},"end":{"line":84,"column":null}}]},"17":{"loc":{"start":{"line":90,"column":9},"end":{"line":138,"column":null}},"type":"if","locations":[{"start":{"line":90,"column":9},"end":{"line":138,"column":null}},{"start":{"line":96,"column":9},"end":{"line":138,"column":null}}]},"18":{"loc":{"start":{"line":90,"column":12},"end":{"line":90,"column":69}},"type":"binary-expr","locations":[{"start":{"line":90,"column":12},"end":{"line":90,"column":48}},{"start":{"line":90,"column":48},"end":{"line":90,"column":69}}]},"19":{"loc":{"start":{"line":96,"column":9},"end":{"line":138,"column":null}},"type":"if","locations":[{"start":{"line":96,"column":9},"end":{"line":138,"column":null}},{"start":{"line":103,"column":9},"end":{"line":138,"column":null}}]},"20":{"loc":{"start":{"line":96,"column":12},"end":{"line":96,"column":74}},"type":"binary-expr","locations":[{"start":{"line":96,"column":12},"end":{"line":96,"column":53}},{"start":{"line":96,"column":53},"end":{"line":96,"column":74}}]},"21":{"loc":{"start":{"line":103,"column":9},"end":{"line":138,"column":null}},"type":"if","locations":[{"start":{"line":103,"column":9},"end":{"line":138,"column":null}},{"start":{"line":107,"column":9},"end":{"line":138,"column":null}}]},"22":{"loc":{"start":{"line":109,"column":15},"end":{"line":109,"column":33}},"type":"binary-expr","locations":[{"start":{"line":109,"column":15},"end":{"line":109,"column":28}},{"start":{"line":109,"column":32},"end":{"line":109,"column":33}}]},"23":{"loc":{"start":{"line":113,"column":6},"end":{"line":118,"column":null}},"type":"if","locations":[{"start":{"line":113,"column":6},"end":{"line":118,"column":null}},{"start":{},"end":{}}]},"24":{"loc":{"start":{"line":120,"column":6},"end":{"line":135,"column":null}},"type":"if","locations":[{"start":{"line":120,"column":6},"end":{"line":135,"column":null}},{"start":{"line":123,"column":11},"end":{"line":135,"column":null}}]},"25":{"loc":{"start":{"line":127,"column":2},"end":{"line":127,"column":null}},"type":"if","locations":[{"start":{"line":127,"column":2},"end":{"line":127,"column":null}},{"start":{},"end":{}}]},"26":{"loc":{"start":{"line":132,"column":2},"end":{"line":132,"column":null}},"type":"if","locations":[{"start":{"line":132,"column":2},"end":{"line":132,"column":null}},{"start":{},"end":{}}]},"27":{"loc":{"start":{"line":163,"column":28},"end":{"line":163,"column":null}},"type":"binary-expr","locations":[{"start":{"line":163,"column":28},"end":{"line":163,"column":49}},{"start":{"line":163,"column":49},"end":{"line":163,"column":null}}]},"28":{"loc":{"start":{"line":172,"column":9},"end":{"line":172,"column":null}},"type":"binary-expr","locations":[{"start":{"line":172,"column":9},"end":{"line":172,"column":null}}]},"29":{"loc":{"start":{"line":180,"column":7},"end":{"line":180,"column":null}},"type":"binary-expr","locations":[{"start":{"line":180,"column":7},"end":{"line":180,"column":null}}]}},"s":{"0":9,"1":2,"2":2,"3":2,"4":2,"5":2,"6":2,"7":4,"8":4,"9":4,"10":0,"11":0,"12":0,"13":0,"14":0,"15":0,"16":0,"17":0,"18":0,"19":0,"20":0,"21":0,"22":0,"23":0,"24":0,"25":0,"26":0,"27":0,"28":0,"29":3,"30":3,"31":0,"32":3,"33":0,"34":3,"35":2,"36":27,"37":27,"38":27,"39":27,"40":27,"41":27,"42":5,"43":5,"44":1,"45":1,"46":4,"47":4,"48":1,"49":1,"50":1,"51":1,"52":1,"53":0,"54":1,"55":1,"56":1,"57":1,"58":3,"59":1,"60":1,"61":1,"62":2,"63":1,"64":1,"65":1,"66":1,"67":1,"68":0,"69":1,"70":1556,"71":1,"72":1,"73":1556,"74":1556,"75":1,"76":1,"77":1,"78":0,"79":0,"80":0,"81":0,"82":0,"83":0,"84":0,"85":0,"86":0,"87":0,"88":0,"89":0,"90":27,"91":1,"92":11,"93":11,"94":1},"f":{"0":4,"1":0,"2":3,"3":2,"4":27,"5":5,"6":1556,"7":1556,"8":1,"9":11,"10":11,"11":1},"b":{"0":[4,0],"1":[0,0],"2":[0,0],"3":[0,0],"4":[0,0],"5":[0,0],"6":[0,0],"7":[0,0],"8":[0,0],"9":[0,0],"10":[1],"11":[1],"12":[0,3],"13":[0,3],"14":[1,4],"15":[1,3],"16":[0,1],"17":[1,2],"18":[3,1],"19":[1,1],"20":[2,1],"21":[0,1],"22":[1556,0],"23":[1,0],"24":[1,0],"25":[0,0],"26":[0,0],"27":[11,0],"28":[27],"29":[27]}}
,"C:\\Users\\karme\\OneDrive\\Desktop\\ggcmaps-fall25\\components\\FloorMapView.js": {"path":"C:\\Users\\karme\\OneDrive\\Desktop\\ggcmaps-fall25\\components\\FloorMapView.js","statementMap":{"0":{"start":{"line":16,"column":24},"end":{"line":16,"column":37}},"1":{"start":{"line":3,"column":44},"end":{"line":3,"column":null}},"2":{"start":{"line":4,"column":20},"end":{"line":4,"column":null}},"3":{"start":{"line":5,"column":26},"end":{"line":5,"column":null}},"4":{"start":{"line":8,"column":26},"end":{"line":13,"column":null}},"5":{"start":{"line":9,"column":2},"end":{"line":13,"column":null}},"6":{"start":{"line":17,"column":38},"end":{"line":17,"column":54}},"7":{"start":{"line":18,"column":38},"end":{"line":18,"column":null}},"8":{"start":{"line":19,"column":23},"end":{"line":19,"column":null}},"9":{"start":{"line":20,"column":29},"end":{"line":20,"column":null}},"10":{"start":{"line":22,"column":27},"end":{"line":28,"column":null}},"11":{"start":{"line":23,"column":4},"end":{"line":23,"column":null}},"12":{"start":{"line":23,"column":16},"end":{"line":23,"column":null}},"13":{"start":{"line":24,"column":4},"end":{"line":26,"column":null}},"14":{"start":{"line":25,"column":6},"end":{"line":25,"column":null}},"15":{"start":{"line":27,"column":4},"end":{"line":27,"column":null}},"16":{"start":{"line":34,"column":23},"end":{"line":38,"column":null}},"17":{"start":{"line":35,"column":4},"end":{"line":37,"column":null}},"18":{"start":{"line":36,"column":6},"end":{"line":36,"column":40}},"19":{"start":{"line":41,"column":2},"end":{"line":54,"column":null}},"20":{"start":{"line":42,"column":20},"end":{"line":42,"column":null}},"21":{"start":{"line":43,"column":5},"end":{"line":52,"column":null}},"22":{"start":{"line":44,"column":6},"end":{"line":51,"column":null}},"23":{"start":{"line":45,"column":20},"end":{"line":45,"column":null}},"24":{"start":{"line":46,"column":20},"end":{"line":46,"column":null}},"25":{"start":{"line":47,"column":26},"end":{"line":47,"column":null}},"26":{"start":{"line":48,"column":8},"end":{"line":48,"column":null}},"27":{"start":{"line":48,"column":23},"end":{"line":48,"column":null}},"28":{"start":{"line":50,"column":8},"end":{"line":50,"column":null}},"29":{"start":{"line":50,"column":23},"end":{"line":50,"column":null}},"30":{"start":{"line":53,"column":4},"end":{"line":53,"column":null}},"31":{"start":{"line":53,"column":19},"end":{"line":53,"column":38}},"32":{"start":{"line":57,"column":2},"end":{"line":96,"column":null}},"33":{"start":{"line":58,"column":22},"end":{"line":58,"column":42}},"34":{"start":{"line":59,"column":4},"end":{"line":59,"column":null}},"35":{"start":{"line":59,"column":35},"end":{"line":59,"column":null}},"36":{"start":{"line":62,"column":16},"end":{"line":62,"column":null}},"37":{"start":{"line":63,"column":4},"end":{"line":69,"column":null}},"38":{"start":{"line":64,"column":6},"end":{"line":64,"column":null}},"39":{"start":{"line":65,"column":6},"end":{"line":65,"column":null}},"40":{"start":{"line":66,"column":6},"end":{"line":66,"column":null}},"41":{"start":{"line":67,"column":6},"end":{"line":67,"column":null}},"42":{"start":{"line":68,"column":6},"end":{"line":68,"column":null}},"43":{"start":{"line":72,"column":4},"end":{"line":78,"column":null}},"44":{"start":{"line":73,"column":19},"end":{"line":73,"column":null}},"45":{"start":{"line":74,"column":6},"end":{"line":77,"column":null}},"46":{"start":{"line":75,"column":8},"end":{"line":75,"column":null}},"47":{"start":{"line":76,"column":8},"end":{"line":76,"column":null}},"48":{"start":{"line":81,"column":20},"end":{"line":92,"column":null}},"49":{"start":{"line":83,"column":8},"end":{"line":84,"column":null}},"50":{"start":{"line":85,"column":6},"end":{"line":85,"column":null}},"51":{"start":{"line":85,"column":22},"end":{"line":85,"column":null}},"52":{"start":{"line":86,"column":6},"end":{"line":86,"column":null}},"53":{"start":{"line":87,"column":20},"end":{"line":87,"column":null}},"54":{"start":{"line":88,"column":23},"end":{"line":88,"column":null}},"55":{"start":{"line":89,"column":6},"end":{"line":91,"column":null}},"56":{"start":{"line":90,"column":8},"end":{"line":90,"column":null}},"57":{"start":{"line":94,"column":4},"end":{"line":94,"column":null}},"58":{"start":{"line":95,"column":4},"end":{"line":95,"column":null}},"59":{"start":{"line":95,"column":17},"end":{"line":95,"column":null}},"60":{"start":{"line":98,"column":2},"end":{"line":121,"column":null}},"61":{"start":{"line":99,"column":22},"end":{"line":99,"column":42}},"62":{"start":{"line":100,"column":19},"end":{"line":100,"column":45}},"63":{"start":{"line":102,"column":4},"end":{"line":106,"column":null}},"64":{"start":{"line":103,"column":6},"end":{"line":103,"column":null}},"65":{"start":{"line":104,"column":6},"end":{"line":104,"column":null}},"66":{"start":{"line":105,"column":6},"end":{"line":105,"column":null}},"67":{"start":{"line":108,"column":4},"end":{"line":108,"column":null}},"68":{"start":{"line":108,"column":50},"end":{"line":108,"column":null}},"69":{"start":{"line":110,"column":22},"end":{"line":110,"column":null}},"70":{"start":{"line":111,"column":4},"end":{"line":111,"column":null}},"71":{"start":{"line":111,"column":20},"end":{"line":111,"column":null}},"72":{"start":{"line":113,"column":22},"end":{"line":113,"column":null}},"73":{"start":{"line":114,"column":19},"end":{"line":114,"column":null}},"74":{"start":{"line":116,"column":4},"end":{"line":120,"column":null}},"75":{"start":{"line":117,"column":6},"end":{"line":117,"column":null}},"76":{"start":{"line":118,"column":6},"end":{"line":118,"column":null}},"77":{"start":{"line":119,"column":6},"end":{"line":119,"column":null}}},"fnMap":{"0":{"name":"(anonymous_2)","decl":{"start":{"line":8,"column":26},"end":{"line":8,"column":27}},"loc":{"start":{"line":9,"column":2},"end":{"line":13,"column":null}}},"1":{"name":"FloorMapView","decl":{"start":{"line":16,"column":24},"end":{"line":16,"column":37}},"loc":{"start":{"line":16,"column":96},"end":{"line":158,"column":null}}},"2":{"name":"(anonymous_4)","decl":{"start":{"line":22,"column":27},"end":{"line":22,"column":28}},"loc":{"start":{"line":22,"column":28},"end":{"line":28,"column":null}}},"3":{"name":"(anonymous_5)","decl":{"start":{"line":34,"column":23},"end":{"line":34,"column":24}},"loc":{"start":{"line":34,"column":24},"end":{"line":38,"column":null}}},"4":{"name":"(anonymous_6)","decl":{"start":{"line":41,"column":12},"end":{"line":41,"column":null}},"loc":{"start":{"line":41,"column":12},"end":{"line":54,"column":5}}},"5":{"name":"(anonymous_7)","decl":{"start":{"line":43,"column":5},"end":{"line":43,"column":null}},"loc":{"start":{"line":43,"column":5},"end":{"line":52,"column":null}}},"6":{"name":"(anonymous_8)","decl":{"start":{"line":53,"column":11},"end":{"line":53,"column":19}},"loc":{"start":{"line":53,"column":11},"end":{"line":53,"column":null}}},"7":{"name":"(anonymous_9)","decl":{"start":{"line":57,"column":12},"end":{"line":57,"column":null}},"loc":{"start":{"line":57,"column":12},"end":{"line":96,"column":5}}},"8":{"name":"(anonymous_10)","decl":{"start":{"line":72,"column":50},"end":{"line":72,"column":null}},"loc":{"start":{"line":72,"column":50},"end":{"line":78,"column":null}}},"9":{"name":"(anonymous_11)","decl":{"start":{"line":81,"column":20},"end":{"line":81,"column":21}},"loc":{"start":{"line":81,"column":21},"end":{"line":92,"column":null}}},"10":{"name":"(anonymous_12)","decl":{"start":{"line":95,"column":11},"end":{"line":95,"column":17}},"loc":{"start":{"line":95,"column":17},"end":{"line":95,"column":null}}},"11":{"name":"(anonymous_13)","decl":{"start":{"line":98,"column":12},"end":{"line":98,"column":null}},"loc":{"start":{"line":98,"column":12},"end":{"line":121,"column":5}}}},"branchMap":{"0":{"loc":{"start":{"line":16,"column":44},"end":{"line":16,"column":94}},"type":"default-arg","locations":[{"start":{"line":16,"column":66},"end":{"line":16,"column":94}}]},"1":{"loc":{"start":{"line":23,"column":4},"end":{"line":23,"column":null}},"type":"if","locations":[{"start":{"line":23,"column":4},"end":{"line":23,"column":null}},{"start":{},"end":{}}]},"2":{"loc":{"start":{"line":24,"column":4},"end":{"line":26,"column":null}},"type":"if","locations":[{"start":{"line":24,"column":4},"end":{"line":26,"column":null}},{"start":{},"end":{}}]},"3":{"loc":{"start":{"line":24,"column":8},"end":{"line":24,"column":72}},"type":"binary-expr","locations":[{"start":{"line":24,"column":8},"end":{"line":24,"column":38}},{"start":{"line":24,"column":38},"end":{"line":24,"column":72}}]},"4":{"loc":{"start":{"line":35,"column":4},"end":{"line":37,"column":null}},"type":"if","locations":[{"start":{"line":35,"column":4},"end":{"line":37,"column":null}},{"start":{},"end":{}}]},"5":{"loc":{"start":{"line":48,"column":8},"end":{"line":48,"column":null}},"type":"if","locations":[{"start":{"line":48,"column":8},"end":{"line":48,"column":null}},{"start":{},"end":{}}]},"6":{"loc":{"start":{"line":50,"column":8},"end":{"line":50,"column":null}},"type":"if","locations":[{"start":{"line":50,"column":8},"end":{"line":50,"column":null}},{"start":{},"end":{}}]},"7":{"loc":{"start":{"line":59,"column":4},"end":{"line":59,"column":null}},"type":"if","locations":[{"start":{"line":59,"column":4},"end":{"line":59,"column":null}},{"start":{},"end":{}}]},"8":{"loc":{"start":{"line":59,"column":8},"end":{"line":59,"column":35}},"type":"binary-expr","locations":[{"start":{"line":59,"column":8},"end":{"line":59,"column":22}},{"start":{"line":59,"column":22},"end":{"line":59,"column":35}}]},"9":{"loc":{"start":{"line":63,"column":4},"end":{"line":69,"column":null}},"type":"if","locations":[{"start":{"line":63,"column":4},"end":{"line":69,"column":null}},{"start":{},"end":{}}]},"10":{"loc":{"start":{"line":74,"column":6},"end":{"line":77,"column":null}},"type":"if","locations":[{"start":{"line":74,"column":6},"end":{"line":77,"column":null}},{"start":{},"end":{}}]},"11":{"loc":{"start":{"line":83,"column":8},"end":{"line":84,"column":null}},"type":"binary-expr","locations":[{"start":{"line":83,"column":8},"end":{"line":83,"column":null}},{"start":{"line":84,"column":8},"end":{"line":84,"column":null}}]},"12":{"loc":{"start":{"line":85,"column":6},"end":{"line":85,"column":null}},"type":"if","locations":[{"start":{"line":85,"column":6},"end":{"line":85,"column":null}},{"start":{},"end":{}}]},"13":{"loc":{"start":{"line":88,"column":23},"end":{"line":88,"column":null}},"type":"binary-expr","locations":[{"start":{"line":88,"column":23},"end":{"line":88,"column":36}},{"start":{"line":88,"column":36},"end":{"line":88,"column":48}},{"start":{"line":88,"column":52},"end":{"line":88,"column":null}}]},"14":{"loc":{"start":{"line":89,"column":6},"end":{"line":91,"column":null}},"type":"if","locations":[{"start":{"line":89,"column":6},"end":{"line":91,"column":null}},{"start":{},"end":{}}]},"15":{"loc":{"start":{"line":102,"column":4},"end":{"line":106,"column":null}},"type":"if","locations":[{"start":{"line":102,"column":4},"end":{"line":106,"column":null}},{"start":{},"end":{}}]},"16":{"loc":{"start":{"line":108,"column":4},"end":{"line":108,"column":null}},"type":"if","locations":[{"start":{"line":108,"column":4},"end":{"line":108,"column":null}},{"start":{},"end":{}}]},"17":{"loc":{"start":{"line":108,"column":8},"end":{"line":108,"column":50}},"type":"binary-expr","locations":[{"start":{"line":108,"column":8},"end":{"line":108,"column":22}},{"start":{"line":108,"column":22},"end":{"line":108,"column":37}},{"start":{"line":108,"column":37},"end":{"line":108,"column":50}}]},"18":{"loc":{"start":{"line":111,"column":4},"end":{"line":111,"column":null}},"type":"if","locations":[{"start":{"line":111,"column":4},"end":{"line":111,"column":null}},{"start":{},"end":{}}]},"19":{"loc":{"start":{"line":114,"column":19},"end":{"line":114,"column":null}},"type":"binary-expr","locations":[{"start":{"line":114,"column":19},"end":{"line":114,"column":56}},{"start":{"line":114,"column":56},"end":{"line":114,"column":null}}]},"20":{"loc":{"start":{"line":116,"column":4},"end":{"line":120,"column":null}},"type":"if","locations":[{"start":{"line":116,"column":4},"end":{"line":120,"column":null}},{"start":{},"end":{}}]},"21":{"loc":{"start":{"line":146,"column":9},"end":{"line":153,"column":null}},"type":"cond-expr","locations":[{"start":{"line":148,"column":10},"end":{"line":152,"column":64}},{"start":{"line":153,"column":10},"end":{"line":153,"column":null}}]}},"s":{"0":1,"1":1,"2":1,"3":1,"4":1,"5":1,"6":3,"7":3,"8":3,"9":3,"10":3,"11":1,"12":0,"13":1,"14":1,"15":0,"16":3,"17":1,"18":1,"19":3,"20":1,"21":1,"22":1,"23":1,"24":1,"25":1,"26":1,"27":1,"28":0,"29":0,"30":1,"31":1,"32":3,"33":2,"34":2,"35":1,"36":1,"37":1,"38":1,"39":1,"40":1,"41":1,"42":1,"43":1,"44":0,"45":0,"46":0,"47":0,"48":1,"49":1,"50":1,"51":0,"52":1,"53":1,"54":1,"55":1,"56":1,"57":1,"58":1,"59":1,"60":3,"61":3,"62":3,"63":3,"64":0,"65":0,"66":0,"67":3,"68":2,"69":1,"70":1,"71":0,"72":1,"73":1,"74":1,"75":1,"76":1,"77":1},"f":{"0":1,"1":3,"2":1,"3":1,"4":1,"5":1,"6":1,"7":2,"8":0,"9":1,"10":1,"11":3},"b":{"0":[3],"1":[0,1],"2":[1,0],"3":[1,1],"4":[1,0],"5":[1,0],"6":[0,0],"7":[1,1],"8":[2,2],"9":[1,0],"10":[0,0],"11":[1,0],"12":[0,1],"13":[1,0,0],"14":[1,0],"15":[0,3],"16":[2,1],"17":[3,3,2],"18":[0,1],"19":[1,0],"20":[1,0],"21":[1,2]}}
,"C:\\Users\\karme\\OneDrive\\Desktop\\ggcmaps-fall25\\components\\Footer.js": {"path":"C:\\Users\\karme\\OneDrive\\Desktop\\ggcmaps-fall25\\components\\Footer.js","statementMap":{"0":{"start":{"line":3,"column":24},"end":{"line":3,"column":null}},"1":{"start":{"line":4,"column":22},"end":{"line":4,"column":null}}},"fnMap":{"0":{"name":"Footer","decl":{"start":{"line":3,"column":24},"end":{"line":3,"column":null}},"loc":{"start":{"line":3,"column":24},"end":{"line":13,"column":null}}}},"branchMap":{},"s":{"0":3,"1":3},"f":{"0":3},"b":{}}
,"C:\\Users\\karme\\OneDrive\\Desktop\\ggcmaps-fall25\\components\\Header.js": {"path":"C:\\Users\\karme\\OneDrive\\Desktop\\ggcmaps-fall25\\components\\Header.js","statementMap":{"0":{"start":{"line":8,"column":24},"end":{"line":8,"column":null}},"1":{"start":{"line":4,"column":17},"end":{"line":4,"column":null}},"2":{"start":{"line":5,"column":18},"end":{"line":5,"column":null}},"3":{"start":{"line":6,"column":17},"end":{"line":6,"column":null}}},"fnMap":{"0":{"name":"Header","decl":{"start":{"line":8,"column":24},"end":{"line":8,"column":null}},"loc":{"start":{"line":8,"column":24},"end":{"line":31,"column":null}}}},"branchMap":{},"s":{"0":3,"1":1,"2":1,"3":1},"f":{"0":3},"b":{}}
,"C:\\Users\\karme\\OneDrive\\Desktop\\ggcmaps-fall25\\components\\InlineSvg.js": {"path":"C:\\Users\\karme\\OneDrive\\Desktop\\ggcmaps-fall25\\components\\InlineSvg.js","statementMap":{"0":{"start":{"line":29,"column":24},"end":{"line":29,"column":34}},"1":{"start":{"line":2,"column":57},"end":{"line":2,"column":null}},"2":{"start":{"line":6,"column":2},"end":{"line":10,"column":69}},"3":{"start":{"line":15,"column":14},"end":{"line":15,"column":null}},"4":{"start":{"line":16,"column":12},"end":{"line":16,"column":null}},"5":{"start":{"line":17,"column":2},"end":{"line":17,"column":null}},"6":{"start":{"line":17,"column":26},"end":{"line":17,"column":null}},"7":{"start":{"line":18,"column":2},"end":{"line":18,"column":null}},"8":{"start":{"line":18,"column":30},"end":{"line":18,"column":null}},"9":{"start":{"line":19,"column":2},"end":{"line":19,"column":null}},"10":{"start":{"line":19,"column":29},"end":{"line":19,"column":null}},"11":{"start":{"line":20,"column":2},"end":{"line":20,"column":null}},"12":{"start":{"line":20,"column":72},"end":{"line":20,"column":null}},"13":{"start":{"line":21,"column":2},"end":{"line":21,"column":null}},"14":{"start":{"line":24,"column":32},"end":{"line":24,"column":null}},"15":{"start":{"line":25,"column":30},"end":{"line":25,"column":null}},"16":{"start":{"line":26,"column":23},"end":{"line":26,"column":null}},"17":{"start":{"line":37,"column":23},"end":{"line":37,"column":37}},"18":{"start":{"line":38,"column":26},"end":{"line":38,"column":40}},"19":{"start":{"line":39,"column":30},"end":{"line":39,"column":46}},"20":{"start":{"line":40,"column":28},"end":{"line":40,"column":44}},"21":{"start":{"line":41,"column":15},"end":{"line":41,"column":29}},"22":{"start":{"line":42,"column":20},"end":{"line":42,"column":39}},"23":{"start":{"line":43,"column":27},"end":{"line":43,"column":41}},"24":{"start":{"line":44,"column":42},"end":{"line":48,"column":null}},"25":{"start":{"line":50,"column":22},"end":{"line":67,"column":null}},"26":{"start":{"line":51,"column":22},"end":{"line":51,"column":42}},"27":{"start":{"line":52,"column":4},"end":{"line":52,"column":null}},"28":{"start":{"line":52,"column":81},"end":{"line":52,"column":null}},"29":{"start":{"line":54,"column":26},"end":{"line":54,"column":null}},"30":{"start":{"line":55,"column":21},"end":{"line":55,"column":null}},"31":{"start":{"line":57,"column":4},"end":{"line":57,"column":null}},"32":{"start":{"line":57,"column":88},"end":{"line":57,"column":null}},"33":{"start":{"line":59,"column":16},"end":{"line":59,"column":48}},"34":{"start":{"line":60,"column":17},"end":{"line":60,"column":null}},"35":{"start":{"line":62,"column":4},"end":{"line":66,"column":null}},"36":{"start":{"line":69,"column":22},"end":{"line":71,"column":null}},"37":{"start":{"line":70,"column":4},"end":{"line":70,"column":null}},"38":{"start":{"line":70,"column":31},"end":{"line":70,"column":null}},"39":{"start":{"line":73,"column":32},"end":{"line":96,"column":null}},"40":{"start":{"line":74,"column":25},"end":{"line":74,"column":null}},"41":{"start":{"line":75,"column":26},"end":{"line":76,"column":null}},"42":{"start":{"line":76,"column":16},"end":{"line":76,"column":null}},"43":{"start":{"line":78,"column":4},"end":{"line":81,"column":null}},"44":{"start":{"line":79,"column":6},"end":{"line":79,"column":null}},"45":{"start":{"line":80,"column":6},"end":{"line":80,"column":null}},"46":{"start":{"line":83,"column":22},"end":{"line":83,"column":null}},"47":{"start":{"line":84,"column":4},"end":{"line":89,"column":null}},"48":{"start":{"line":85,"column":6},"end":{"line":85,"column":null}},"49":{"start":{"line":85,"column":52},"end":{"line":85,"column":null}},"50":{"start":{"line":86,"column":6},"end":{"line":87,"column":null}},"51":{"start":{"line":87,"column":18},"end":{"line":87,"column":null}},"52":{"start":{"line":91,"column":4},"end":{"line":95,"column":null}},"53":{"start":{"line":92,"column":6},"end":{"line":92,"column":null}},"54":{"start":{"line":94,"column":6},"end":{"line":94,"column":null}},"55":{"start":{"line":100,"column":2},"end":{"line":109,"column":null}},"56":{"start":{"line":101,"column":16},"end":{"line":101,"column":22}},"57":{"start":{"line":102,"column":4},"end":{"line":102,"column":21}},"58":{"start":{"line":103,"column":4},"end":{"line":103,"column":20}},"59":{"start":{"line":104,"column":4},"end":{"line":107,"column":60}},"60":{"start":{"line":105,"column":19},"end":{"line":105,"column":67}},"61":{"start":{"line":105,"column":30},"end":{"line":105,"column":67}},"62":{"start":{"line":105,"column":67},"end":{"line":105,"column":84}},"63":{"start":{"line":106,"column":19},"end":{"line":106,"column":54}},"64":{"start":{"line":106,"column":30},"end":{"line":106,"column":54}},"65":{"start":{"line":107,"column":22},"end":{"line":107,"column":56}},"66":{"start":{"line":107,"column":33},"end":{"line":107,"column":56}},"67":{"start":{"line":108,"column":4},"end":{"line":108,"column":37}},"68":{"start":{"line":108,"column":19},"end":{"line":108,"column":34}},"69":{"start":{"line":112,"column":2},"end":{"line":285,"column":null}},"70":{"start":{"line":113,"column":4},"end":{"line":113,"column":53}},"71":{"start":{"line":113,"column":45},"end":{"line":113,"column":53}},"72":{"start":{"line":114,"column":17},"end":{"line":114,"column":40}},"73":{"start":{"line":116,"column":38},"end":{"line":133,"column":null}},"74":{"start":{"line":117,"column":6},"end":{"line":117,"column":null}},"75":{"start":{"line":117,"column":39},"end":{"line":117,"column":null}},"76":{"start":{"line":118,"column":6},"end":{"line":120,"column":null}},"77":{"start":{"line":119,"column":8},"end":{"line":119,"column":null}},"78":{"start":{"line":121,"column":21},"end":{"line":121,"column":null}},"79":{"start":{"line":122,"column":6},"end":{"line":124,"column":null}},"80":{"start":{"line":123,"column":8},"end":{"line":123,"column":null}},"81":{"start":{"line":125,"column":6},"end":{"line":127,"column":null}},"82":{"start":{"line":126,"column":8},"end":{"line":126,"column":null}},"83":{"start":{"line":128,"column":34},"end":{"line":128,"column":null}},"84":{"start":{"line":129,"column":6},"end":{"line":131,"column":null}},"85":{"start":{"line":130,"column":8},"end":{"line":130,"column":null}},"86":{"start":{"line":132,"column":6},"end":{"line":132,"column":null}},"87":{"start":{"line":135,"column":29},"end":{"line":135,"column":null}},"88":{"start":{"line":136,"column":4},"end":{"line":141,"column":null}},"89":{"start":{"line":137,"column":23},"end":{"line":137,"column":null}},"90":{"start":{"line":138,"column":6},"end":{"line":140,"column":null}},"91":{"start":{"line":139,"column":8},"end":{"line":139,"column":null}},"92":{"start":{"line":142,"column":4},"end":{"line":142,"column":null}},"93":{"start":{"line":142,"column":68},"end":{"line":142,"column":null}},"94":{"start":{"line":144,"column":4},"end":{"line":151,"column":null}},"95":{"start":{"line":145,"column":6},"end":{"line":145,"column":74}},"96":{"start":{"line":145,"column":40},"end":{"line":145,"column":74}},"97":{"start":{"line":146,"column":6},"end":{"line":146,"column":71}},"98":{"start":{"line":146,"column":36},"end":{"line":146,"column":71}},"99":{"start":{"line":147,"column":6},"end":{"line":150,"column":null}},"100":{"start":{"line":148,"column":18},"end":{"line":148,"column":44}},"101":{"start":{"line":149,"column":8},"end":{"line":149,"column":94}},"102":{"start":{"line":153,"column":30},"end":{"line":167,"column":null}},"103":{"start":{"line":154,"column":6},"end":{"line":154,"column":null}},"104":{"start":{"line":154,"column":19},"end":{"line":154,"column":null}},"105":{"start":{"line":155,"column":17},"end":{"line":155,"column":null}},"106":{"start":{"line":156,"column":6},"end":{"line":158,"column":null}},"107":{"start":{"line":157,"column":8},"end":{"line":157,"column":null}},"108":{"start":{"line":159,"column":6},"end":{"line":159,"column":30}},"109":{"start":{"line":160,"column":6},"end":{"line":166,"column":null}},"110":{"start":{"line":161,"column":8},"end":{"line":164,"column":null}},"111":{"start":{"line":169,"column":29},"end":{"line":176,"column":null}},"112":{"start":{"line":170,"column":6},"end":{"line":170,"column":null}},"113":{"start":{"line":170,"column":18},"end":{"line":170,"column":null}},"114":{"start":{"line":171,"column":22},"end":{"line":171,"column":null}},"115":{"start":{"line":172,"column":6},"end":{"line":174,"column":null}},"116":{"start":{"line":173,"column":8},"end":{"line":173,"column":null}},"117":{"start":{"line":175,"column":6},"end":{"line":175,"column":null}},"118":{"start":{"line":179,"column":18},"end":{"line":183,"column":null}},"119":{"start":{"line":180,"column":21},"end":{"line":180,"column":null}},"120":{"start":{"line":181,"column":6},"end":{"line":181,"column":null}},"121":{"start":{"line":181,"column":19},"end":{"line":181,"column":null}},"122":{"start":{"line":182,"column":6},"end":{"line":182,"column":null}},"123":{"start":{"line":186,"column":16},"end":{"line":195,"column":null}},"124":{"start":{"line":187,"column":24},"end":{"line":187,"column":null}},"125":{"start":{"line":188,"column":6},"end":{"line":188,"column":null}},"126":{"start":{"line":188,"column":22},"end":{"line":188,"column":null}},"127":{"start":{"line":189,"column":6},"end":{"line":194,"column":null}},"128":{"start":{"line":190,"column":8},"end":{"line":190,"column":null}},"129":{"start":{"line":191,"column":23},"end":{"line":191,"column":null}},"130":{"start":{"line":192,"column":8},"end":{"line":192,"column":null}},"131":{"start":{"line":192,"column":21},"end":{"line":192,"column":null}},"132":{"start":{"line":193,"column":8},"end":{"line":193,"column":null}},"133":{"start":{"line":197,"column":29},"end":{"line":216,"column":null}},"134":{"start":{"line":198,"column":21},"end":{"line":198,"column":null}},"135":{"start":{"line":199,"column":6},"end":{"line":199,"column":null}},"136":{"start":{"line":199,"column":73},"end":{"line":199,"column":null}},"137":{"start":{"line":200,"column":6},"end":{"line":200,"column":null}},"138":{"start":{"line":201,"column":6},"end":{"line":203,"column":null}},"139":{"start":{"line":202,"column":8},"end":{"line":202,"column":null}},"140":{"start":{"line":204,"column":23},"end":{"line":206,"column":null}},"141":{"start":{"line":207,"column":6},"end":{"line":215,"column":null}},"142":{"start":{"line":208,"column":8},"end":{"line":214,"column":null}},"143":{"start":{"line":209,"column":10},"end":{"line":211,"column":null}},"144":{"start":{"line":210,"column":12},"end":{"line":210,"column":null}},"145":{"start":{"line":218,"column":24},"end":{"line":226,"column":null}},"146":{"start":{"line":219,"column":22},"end":{"line":219,"column":null}},"147":{"start":{"line":220,"column":6},"end":{"line":220,"column":null}},"148":{"start":{"line":220,"column":47},"end":{"line":220,"column":null}},"149":{"start":{"line":221,"column":19},"end":{"line":221,"column":null}},"150":{"start":{"line":222,"column":6},"end":{"line":222,"column":null}},"151":{"start":{"line":222,"column":45},"end":{"line":222,"column":null}},"152":{"start":{"line":223,"column":6},"end":{"line":223,"column":null}},"153":{"start":{"line":224,"column":6},"end":{"line":224,"column":null}},"154":{"start":{"line":225,"column":6},"end":{"line":225,"column":null}},"155":{"start":{"line":228,"column":23},"end":{"line":239,"column":null}},"156":{"start":{"line":229,"column":22},"end":{"line":229,"column":null}},"157":{"start":{"line":230,"column":6},"end":{"line":230,"column":null}},"158":{"start":{"line":230,"column":47},"end":{"line":230,"column":null}},"159":{"start":{"line":231,"column":26},"end":{"line":231,"column":null}},"160":{"start":{"line":232,"column":22},"end":{"line":232,"column":37}},"161":{"start":{"line":233,"column":6},"end":{"line":233,"column":null}},"162":{"start":{"line":233,"column":52},"end":{"line":233,"column":null}},"163":{"start":{"line":234,"column":6},"end":{"line":236,"column":null}},"164":{"start":{"line":235,"column":8},"end":{"line":235,"column":null}},"165":{"start":{"line":237,"column":6},"end":{"line":237,"column":null}},"166":{"start":{"line":238,"column":6},"end":{"line":238,"column":null}},"167":{"start":{"line":241,"column":24},"end":{"line":249,"column":null}},"168":{"start":{"line":242,"column":22},"end":{"line":242,"column":null}},"169":{"start":{"line":243,"column":6},"end":{"line":243,"column":null}},"170":{"start":{"line":243,"column":45},"end":{"line":243,"column":null}},"171":{"start":{"line":244,"column":6},"end":{"line":248,"column":null}},"172":{"start":{"line":245,"column":8},"end":{"line":245,"column":null}},"173":{"start":{"line":246,"column":8},"end":{"line":246,"column":null}},"174":{"start":{"line":247,"column":8},"end":{"line":247,"column":null}},"175":{"start":{"line":251,"column":4},"end":{"line":251,"column":43}},"176":{"start":{"line":252,"column":4},"end":{"line":252,"column":43}},"177":{"start":{"line":253,"column":4},"end":{"line":253,"column":null}},"178":{"start":{"line":254,"column":4},"end":{"line":254,"column":null}},"179":{"start":{"line":255,"column":4},"end":{"line":255,"column":null}},"180":{"start":{"line":256,"column":4},"end":{"line":256,"column":null}},"181":{"start":{"line":259,"column":4},"end":{"line":272,"column":null}},"182":{"start":{"line":260,"column":20},"end":{"line":270,"column":null}},"183":{"start":{"line":261,"column":22},"end":{"line":261,"column":64}},"184":{"start":{"line":263,"column":24},"end":{"line":263,"column":77}},"185":{"start":{"line":264,"column":10},"end":{"line":269,"column":null}},"186":{"start":{"line":271,"column":6},"end":{"line":271,"column":22}},"187":{"start":{"line":274,"column":4},"end":{"line":284,"column":null}},"188":{"start":{"line":275,"column":6},"end":{"line":275,"column":48}},"189":{"start":{"line":276,"column":6},"end":{"line":276,"column":48}},"190":{"start":{"line":277,"column":6},"end":{"line":277,"column":null}},"191":{"start":{"line":278,"column":6},"end":{"line":278,"column":null}},"192":{"start":{"line":279,"column":6},"end":{"line":279,"column":null}},"193":{"start":{"line":280,"column":6},"end":{"line":280,"column":null}},"194":{"start":{"line":281,"column":6},"end":{"line":281,"column":null}},"195":{"start":{"line":282,"column":6},"end":{"line":282,"column":null}},"196":{"start":{"line":283,"column":6},"end":{"line":283,"column":null}},"197":{"start":{"line":287,"column":2},"end":{"line":372,"column":null}},"198":{"start":{"line":288,"column":4},"end":{"line":288,"column":null}},"199":{"start":{"line":288,"column":39},"end":{"line":288,"column":null}},"200":{"start":{"line":290,"column":27},"end":{"line":296,"column":null}},"201":{"start":{"line":291,"column":6},"end":{"line":291,"column":null}},"202":{"start":{"line":291,"column":49},"end":{"line":291,"column":null}},"203":{"start":{"line":292,"column":6},"end":{"line":294,"column":null}},"204":{"start":{"line":293,"column":8},"end":{"line":293,"column":null}},"205":{"start":{"line":295,"column":6},"end":{"line":295,"column":null}},"206":{"start":{"line":295,"column":64},"end":{"line":295,"column":75}},"207":{"start":{"line":298,"column":27},"end":{"line":319,"column":null}},"208":{"start":{"line":299,"column":21},"end":{"line":299,"column":44}},"209":{"start":{"line":300,"column":6},"end":{"line":300,"column":null}},"210":{"start":{"line":300,"column":19},"end":{"line":300,"column":null}},"211":{"start":{"line":301,"column":24},"end":{"line":301,"column":null}},"212":{"start":{"line":302,"column":6},"end":{"line":306,"column":null}},"213":{"start":{"line":303,"column":8},"end":{"line":305,"column":null}},"214":{"start":{"line":304,"column":10},"end":{"line":304,"column":null}},"215":{"start":{"line":307,"column":6},"end":{"line":317,"column":null}},"216":{"start":{"line":308,"column":8},"end":{"line":316,"column":null}},"217":{"start":{"line":309,"column":10},"end":{"line":309,"column":null}},"218":{"start":{"line":309,"column":19},"end":{"line":309,"column":null}},"219":{"start":{"line":310,"column":26},"end":{"line":310,"column":null}},"220":{"start":{"line":311,"column":10},"end":{"line":311,"column":null}},"221":{"start":{"line":311,"column":24},"end":{"line":311,"column":null}},"222":{"start":{"line":312,"column":24},"end":{"line":312,"column":null}},"223":{"start":{"line":313,"column":10},"end":{"line":315,"column":null}},"224":{"start":{"line":314,"column":12},"end":{"line":314,"column":null}},"225":{"start":{"line":318,"column":6},"end":{"line":318,"column":null}},"226":{"start":{"line":321,"column":28},"end":{"line":323,"column":null}},"227":{"start":{"line":322,"column":6},"end":{"line":322,"column":null}},"228":{"start":{"line":322,"column":31},"end":{"line":322,"column":null}},"229":{"start":{"line":325,"column":24},"end":{"line":331,"column":null}},"230":{"start":{"line":326,"column":20},"end":{"line":326,"column":null}},"231":{"start":{"line":327,"column":6},"end":{"line":330,"column":null}},"232":{"start":{"line":328,"column":8},"end":{"line":328,"column":null}},"233":{"start":{"line":329,"column":8},"end":{"line":329,"column":null}},"234":{"start":{"line":333,"column":21},"end":{"line":337,"column":null}},"235":{"start":{"line":334,"column":6},"end":{"line":334,"column":null}},"236":{"start":{"line":335,"column":6},"end":{"line":335,"column":null}},"237":{"start":{"line":336,"column":6},"end":{"line":336,"column":null}},"238":{"start":{"line":339,"column":24},"end":{"line":350,"column":null}},"239":{"start":{"line":340,"column":21},"end":{"line":340,"column":null}},"240":{"start":{"line":341,"column":25},"end":{"line":341,"column":null}},"241":{"start":{"line":342,"column":6},"end":{"line":342,"column":null}},"242":{"start":{"line":342,"column":19},"end":{"line":342,"column":null}},"243":{"start":{"line":343,"column":6},"end":{"line":343,"column":null}},"244":{"start":{"line":344,"column":22},"end":{"line":344,"column":null}},"245":{"start":{"line":345,"column":6},"end":{"line":348,"column":null}},"246":{"start":{"line":346,"column":8},"end":{"line":346,"column":null}},"247":{"start":{"line":346,"column":34},"end":{"line":346,"column":null}},"248":{"start":{"line":347,"column":8},"end":{"line":347,"column":null}},"249":{"start":{"line":349,"column":6},"end":{"line":349,"column":null}},"250":{"start":{"line":352,"column":29},"end":{"line":362,"column":null}},"251":{"start":{"line":353,"column":21},"end":{"line":353,"column":null}},"252":{"start":{"line":354,"column":25},"end":{"line":354,"column":null}},"253":{"start":{"line":355,"column":6},"end":{"line":360,"column":null}},"254":{"start":{"line":356,"column":8},"end":{"line":356,"column":null}},"255":{"start":{"line":358,"column":8},"end":{"line":358,"column":null}},"256":{"start":{"line":359,"column":8},"end":{"line":359,"column":null}},"257":{"start":{"line":361,"column":6},"end":{"line":361,"column":null}},"258":{"start":{"line":364,"column":4},"end":{"line":364,"column":null}},"259":{"start":{"line":365,"column":4},"end":{"line":365,"column":null}},"260":{"start":{"line":367,"column":4},"end":{"line":371,"column":null}},"261":{"start":{"line":368,"column":6},"end":{"line":368,"column":null}},"262":{"start":{"line":369,"column":6},"end":{"line":369,"column":null}},"263":{"start":{"line":370,"column":6},"end":{"line":370,"column":null}},"264":{"start":{"line":374,"column":2},"end":{"line":378,"column":null}},"265":{"start":{"line":375,"column":4},"end":{"line":375,"column":null}},"266":{"start":{"line":375,"column":41},"end":{"line":375,"column":null}},"267":{"start":{"line":375,"column":65},"end":{"line":375,"column":null}},"268":{"start":{"line":376,"column":4},"end":{"line":376,"column":null}},"269":{"start":{"line":377,"column":4},"end":{"line":377,"column":null}},"270":{"start":{"line":380,"column":2},"end":{"line":399,"column":null}},"271":{"start":{"line":381,"column":17},"end":{"line":381,"column":40}},"272":{"start":{"line":382,"column":4},"end":{"line":382,"column":null}},"273":{"start":{"line":382,"column":15},"end":{"line":382,"column":null}},"274":{"start":{"line":384,"column":32},"end":{"line":390,"column":null}},"275":{"start":{"line":385,"column":6},"end":{"line":387,"column":null}},"276":{"start":{"line":386,"column":8},"end":{"line":386,"column":null}},"277":{"start":{"line":388,"column":6},"end":{"line":388,"column":null}},"278":{"start":{"line":389,"column":6},"end":{"line":389,"column":null}},"279":{"start":{"line":392,"column":4},"end":{"line":392,"column":null}},"280":{"start":{"line":393,"column":4},"end":{"line":393,"column":null}},"281":{"start":{"line":395,"column":4},"end":{"line":398,"column":null}},"282":{"start":{"line":396,"column":6},"end":{"line":396,"column":null}},"283":{"start":{"line":397,"column":6},"end":{"line":397,"column":null}},"284":{"start":{"line":402,"column":2},"end":{"line":422,"column":null}},"285":{"start":{"line":403,"column":17},"end":{"line":403,"column":40}},"286":{"start":{"line":404,"column":4},"end":{"line":404,"column":23}},"287":{"start":{"line":404,"column":15},"end":{"line":404,"column":23}},"288":{"start":{"line":405,"column":4},"end":{"line":411,"column":null}},"289":{"start":{"line":406,"column":16},"end":{"line":406,"column":68}},"290":{"start":{"line":407,"column":6},"end":{"line":410,"column":null}},"291":{"start":{"line":408,"column":8},"end":{"line":408,"column":43}},"292":{"start":{"line":409,"column":8},"end":{"line":409,"column":49}},"293":{"start":{"line":412,"column":4},"end":{"line":421,"column":null}},"294":{"start":{"line":413,"column":17},"end":{"line":413,"column":67}},"295":{"start":{"line":414,"column":6},"end":{"line":417,"column":null}},"296":{"start":{"line":415,"column":8},"end":{"line":415,"column":41}},"297":{"start":{"line":416,"column":8},"end":{"line":416,"column":49}},"298":{"start":{"line":418,"column":6},"end":{"line":418,"column":33}},"299":{"start":{"line":420,"column":6},"end":{"line":420,"column":27}},"300":{"start":{"line":425,"column":2},"end":{"line":428,"column":null}},"301":{"start":{"line":426,"column":4},"end":{"line":426,"column":48}},"302":{"start":{"line":427,"column":4},"end":{"line":427,"column":96}}},"fnMap":{"0":{"name":"sanitize","decl":{"start":{"line":5,"column":9},"end":{"line":5,"column":18}},"loc":{"start":{"line":5,"column":19},"end":{"line":11,"column":null}}},"1":{"name":"inferKind","decl":{"start":{"line":14,"column":9},"end":{"line":14,"column":19}},"loc":{"start":{"line":14,"column":21},"end":{"line":22,"column":null}}},"2":{"name":"InlineSvg","decl":{"start":{"line":29,"column":24},"end":{"line":29,"column":34}},"loc":{"start":{"line":36,"column":1},"end":{"line":455,"column":null}}},"3":{"name":"(anonymous_4)","decl":{"start":{"line":50,"column":34},"end":{"line":50,"column":35}},"loc":{"start":{"line":50,"column":35},"end":{"line":67,"column":5}}},"4":{"name":"(anonymous_5)","decl":{"start":{"line":69,"column":34},"end":{"line":69,"column":null}},"loc":{"start":{"line":69,"column":34},"end":{"line":71,"column":5}}},"5":{"name":"(anonymous_6)","decl":{"start":{"line":70,"column":20},"end":{"line":70,"column":21}},"loc":{"start":{"line":70,"column":31},"end":{"line":70,"column":null}}},"6":{"name":"(anonymous_7)","decl":{"start":{"line":73,"column":44},"end":{"line":73,"column":null}},"loc":{"start":{"line":73,"column":44},"end":{"line":96,"column":5}}},"7":{"name":"(anonymous_8)","decl":{"start":{"line":76,"column":6},"end":{"line":76,"column":7}},"loc":{"start":{"line":76,"column":16},"end":{"line":76,"column":null}}},"8":{"name":"(anonymous_9)","decl":{"start":{"line":84,"column":30},"end":{"line":84,"column":31}},"loc":{"start":{"line":84,"column":38},"end":{"line":89,"column":null}}},"9":{"name":"(anonymous_10)","decl":{"start":{"line":87,"column":8},"end":{"line":87,"column":9}},"loc":{"start":{"line":87,"column":18},"end":{"line":87,"column":null}}},"10":{"name":"(anonymous_11)","decl":{"start":{"line":100,"column":12},"end":{"line":100,"column":null}},"loc":{"start":{"line":100,"column":12},"end":{"line":109,"column":5}}},"11":{"name":"(anonymous_12)","decl":{"start":{"line":105,"column":12},"end":{"line":105,"column":19}},"loc":{"start":{"line":105,"column":12},"end":{"line":105,"column":87}}},"12":{"name":"(anonymous_13)","decl":{"start":{"line":106,"column":12},"end":{"line":106,"column":19}},"loc":{"start":{"line":106,"column":12},"end":{"line":106,"column":57}}},"13":{"name":"(anonymous_14)","decl":{"start":{"line":107,"column":13},"end":{"line":107,"column":22}},"loc":{"start":{"line":107,"column":13},"end":{"line":107,"column":60}}},"14":{"name":"(anonymous_15)","decl":{"start":{"line":108,"column":11},"end":{"line":108,"column":19}},"loc":{"start":{"line":108,"column":11},"end":{"line":108,"column":37}}},"15":{"name":"(anonymous_16)","decl":{"start":{"line":112,"column":12},"end":{"line":112,"column":null}},"loc":{"start":{"line":112,"column":12},"end":{"line":285,"column":5}}},"16":{"name":"(anonymous_17)","decl":{"start":{"line":116,"column":38},"end":{"line":116,"column":39}},"loc":{"start":{"line":116,"column":39},"end":{"line":133,"column":null}}},"17":{"name":"(anonymous_18)","decl":{"start":{"line":136,"column":55},"end":{"line":136,"column":56}},"loc":{"start":{"line":136,"column":56},"end":{"line":141,"column":null}}},"18":{"name":"(anonymous_19)","decl":{"start":{"line":142,"column":58},"end":{"line":142,"column":59}},"loc":{"start":{"line":142,"column":68},"end":{"line":142,"column":null}}},"19":{"name":"(anonymous_20)","decl":{"start":{"line":144,"column":29},"end":{"line":144,"column":30}},"loc":{"start":{"line":144,"column":30},"end":{"line":151,"column":null}}},"20":{"name":"(anonymous_21)","decl":{"start":{"line":153,"column":30},"end":{"line":153,"column":31}},"loc":{"start":{"line":153,"column":86},"end":{"line":167,"column":null}}},"21":{"name":"(anonymous_22)","decl":{"start":{"line":169,"column":29},"end":{"line":169,"column":30}},"loc":{"start":{"line":169,"column":30},"end":{"line":176,"column":null}}},"22":{"name":"(anonymous_23)","decl":{"start":{"line":179,"column":18},"end":{"line":179,"column":19}},"loc":{"start":{"line":179,"column":19},"end":{"line":183,"column":null}}},"23":{"name":"(anonymous_24)","decl":{"start":{"line":186,"column":16},"end":{"line":186,"column":17}},"loc":{"start":{"line":186,"column":17},"end":{"line":195,"column":null}}},"24":{"name":"(anonymous_25)","decl":{"start":{"line":197,"column":29},"end":{"line":197,"column":30}},"loc":{"start":{"line":197,"column":30},"end":{"line":216,"column":null}}},"25":{"name":"(anonymous_26)","decl":{"start":{"line":218,"column":24},"end":{"line":218,"column":25}},"loc":{"start":{"line":218,"column":25},"end":{"line":226,"column":null}}},"26":{"name":"(anonymous_27)","decl":{"start":{"line":228,"column":23},"end":{"line":228,"column":24}},"loc":{"start":{"line":228,"column":24},"end":{"line":239,"column":null}}},"27":{"name":"(anonymous_28)","decl":{"start":{"line":241,"column":24},"end":{"line":241,"column":25}},"loc":{"start":{"line":241,"column":25},"end":{"line":249,"column":null}}},"28":{"name":"(anonymous_29)","decl":{"start":{"line":261,"column":16},"end":{"line":261,"column":22}},"loc":{"start":{"line":261,"column":22},"end":{"line":261,"column":64}}},"29":{"name":"(anonymous_30)","decl":{"start":{"line":262,"column":13},"end":{"line":262,"column":null}},"loc":{"start":{"line":262,"column":13},"end":{"line":270,"column":null}}},"30":{"name":"(anonymous_31)","decl":{"start":{"line":274,"column":11},"end":{"line":274,"column":null}},"loc":{"start":{"line":274,"column":11},"end":{"line":284,"column":null}}},"31":{"name":"(anonymous_32)","decl":{"start":{"line":287,"column":12},"end":{"line":287,"column":null}},"loc":{"start":{"line":287,"column":12},"end":{"line":372,"column":5}}},"32":{"name":"(anonymous_33)","decl":{"start":{"line":290,"column":27},"end":{"line":290,"column":28}},"loc":{"start":{"line":290,"column":28},"end":{"line":296,"column":null}}},"33":{"name":"(anonymous_34)","decl":{"start":{"line":295,"column":54},"end":{"line":295,"column":55}},"loc":{"start":{"line":295,"column":64},"end":{"line":295,"column":75}}},"34":{"name":"(anonymous_35)","decl":{"start":{"line":298,"column":27},"end":{"line":298,"column":28}},"loc":{"start":{"line":298,"column":45},"end":{"line":319,"column":null}}},"35":{"name":"(anonymous_36)","decl":{"start":{"line":303,"column":50},"end":{"line":303,"column":51}},"loc":{"start":{"line":303,"column":51},"end":{"line":305,"column":null}}},"36":{"name":"(anonymous_37)","decl":{"start":{"line":308,"column":20},"end":{"line":308,"column":21}},"loc":{"start":{"line":308,"column":21},"end":{"line":316,"column":null}}},"37":{"name":"(anonymous_38)","decl":{"start":{"line":321,"column":28},"end":{"line":321,"column":29}},"loc":{"start":{"line":321,"column":29},"end":{"line":323,"column":null}}},"38":{"name":"(anonymous_39)","decl":{"start":{"line":322,"column":21},"end":{"line":322,"column":22}},"loc":{"start":{"line":322,"column":31},"end":{"line":322,"column":null}}},"39":{"name":"(anonymous_40)","decl":{"start":{"line":325,"column":24},"end":{"line":325,"column":25}},"loc":{"start":{"line":325,"column":25},"end":{"line":331,"column":null}}},"40":{"name":"(anonymous_41)","decl":{"start":{"line":333,"column":21},"end":{"line":333,"column":null}},"loc":{"start":{"line":333,"column":21},"end":{"line":337,"column":null}}},"41":{"name":"(anonymous_42)","decl":{"start":{"line":339,"column":24},"end":{"line":339,"column":25}},"loc":{"start":{"line":339,"column":25},"end":{"line":350,"column":null}}},"42":{"name":"(anonymous_43)","decl":{"start":{"line":346,"column":24},"end":{"line":346,"column":25}},"loc":{"start":{"line":346,"column":34},"end":{"line":346,"column":null}}},"43":{"name":"(anonymous_44)","decl":{"start":{"line":352,"column":29},"end":{"line":352,"column":30}},"loc":{"start":{"line":352,"column":30},"end":{"line":362,"column":null}}},"44":{"name":"(anonymous_45)","decl":{"start":{"line":367,"column":11},"end":{"line":367,"column":null}},"loc":{"start":{"line":367,"column":11},"end":{"line":371,"column":null}}},"45":{"name":"(anonymous_46)","decl":{"start":{"line":374,"column":12},"end":{"line":374,"column":null}},"loc":{"start":{"line":374,"column":12},"end":{"line":378,"column":5}}},"46":{"name":"(anonymous_47)","decl":{"start":{"line":375,"column":30},"end":{"line":375,"column":31}},"loc":{"start":{"line":375,"column":41},"end":{"line":375,"column":null}}},"47":{"name":"(anonymous_48)","decl":{"start":{"line":375,"column":55},"end":{"line":375,"column":56}},"loc":{"start":{"line":375,"column":65},"end":{"line":375,"column":null}}},"48":{"name":"(anonymous_49)","decl":{"start":{"line":380,"column":12},"end":{"line":380,"column":null}},"loc":{"start":{"line":380,"column":12},"end":{"line":399,"column":5}}},"49":{"name":"(anonymous_50)","decl":{"start":{"line":384,"column":32},"end":{"line":384,"column":null}},"loc":{"start":{"line":384,"column":32},"end":{"line":390,"column":null}}},"50":{"name":"(anonymous_51)","decl":{"start":{"line":395,"column":11},"end":{"line":395,"column":null}},"loc":{"start":{"line":395,"column":11},"end":{"line":398,"column":null}}},"51":{"name":"(anonymous_52)","decl":{"start":{"line":402,"column":12},"end":{"line":402,"column":null}},"loc":{"start":{"line":402,"column":12},"end":{"line":422,"column":5}}}},"branchMap":{"0":{"loc":{"start":{"line":15,"column":14},"end":{"line":15,"column":null}},"type":"binary-expr","locations":[{"start":{"line":15,"column":14},"end":{"line":15,"column":27}},{"start":{"line":15,"column":31},"end":{"line":15,"column":51}},{"start":{"line":15,"column":56},"end":{"line":15,"column":84}},{"start":{"line":15,"column":84},"end":{"line":15,"column":null}}]},"1":{"loc":{"start":{"line":17,"column":2},"end":{"line":17,"column":null}},"type":"if","locations":[{"start":{"line":17,"column":2},"end":{"line":17,"column":null}},{"start":{},"end":{}}]},"2":{"loc":{"start":{"line":18,"column":2},"end":{"line":18,"column":null}},"type":"if","locations":[{"start":{"line":18,"column":2},"end":{"line":18,"column":null}},{"start":{},"end":{}}]},"3":{"loc":{"start":{"line":19,"column":2},"end":{"line":19,"column":null}},"type":"if","locations":[{"start":{"line":19,"column":2},"end":{"line":19,"column":null}},{"start":{},"end":{}}]},"4":{"loc":{"start":{"line":20,"column":2},"end":{"line":20,"column":null}},"type":"if","locations":[{"start":{"line":20,"column":2},"end":{"line":20,"column":null}},{"start":{},"end":{}}]},"5":{"loc":{"start":{"line":20,"column":6},"end":{"line":20,"column":72}},"type":"binary-expr","locations":[{"start":{"line":20,"column":6},"end":{"line":20,"column":27}},{"start":{"line":20,"column":27},"end":{"line":20,"column":50}},{"start":{"line":20,"column":50},"end":{"line":20,"column":72}}]},"6":{"loc":{"start":{"line":31,"column":2},"end":{"line":31,"column":16}},"type":"default-arg","locations":[{"start":{"line":31,"column":14},"end":{"line":31,"column":16}}]},"7":{"loc":{"start":{"line":32,"column":2},"end":{"line":32,"column":65}},"type":"default-arg","locations":[{"start":{"line":32,"column":24},"end":{"line":32,"column":65}}]},"8":{"loc":{"start":{"line":33,"column":2},"end":{"line":33,"column":19}},"type":"default-arg","locations":[{"start":{"line":33,"column":15},"end":{"line":33,"column":19}}]},"9":{"loc":{"start":{"line":52,"column":4},"end":{"line":52,"column":null}},"type":"if","locations":[{"start":{"line":52,"column":4},"end":{"line":52,"column":null}},{"start":{},"end":{}}]},"10":{"loc":{"start":{"line":52,"column":8},"end":{"line":52,"column":81}},"type":"binary-expr","locations":[{"start":{"line":52,"column":8},"end":{"line":52,"column":22}},{"start":{"line":52,"column":22},"end":{"line":52,"column":31}},{"start":{"line":52,"column":31},"end":{"line":52,"column":81}}]},"11":{"loc":{"start":{"line":57,"column":4},"end":{"line":57,"column":null}},"type":"if","locatio
[...]
start":{"line":161,"column":4},"end":{"line":161,"column":null}},"69":{"start":{"line":164,"column":2},"end":{"line":171,"column":null}},"70":{"start":{"line":165,"column":4},"end":{"line":165,"column":null}},"71":{"start":{"line":165,"column":39},"end":{"line":165,"column":null}},"72":{"start":{"line":166,"column":4},"end":{"line":170,"column":null}},"73":{"start":{"line":167,"column":6},"end":{"line":167,"column":null}},"74":{"start":{"line":169,"column":6},"end":{"line":169,"column":null}},"75":{"start":{"line":173,"column":2},"end":{"line":179,"column":null}},"76":{"start":{"line":174,"column":4},"end":{"line":174,"column":null}},"77":{"start":{"line":174,"column":22},"end":{"line":174,"column":null}},"78":{"start":{"line":175,"column":23},"end":{"line":175,"column":null}},"79":{"start":{"line":176,"column":4},"end":{"line":178,"column":null}},"80":{"start":{"line":177,"column":6},"end":{"line":177,"column":null}},"81":{"start":{"line":181,"column":29},"end":{"line":185,"column":null}},"82":{"start":{"line":182,"column":2},"end":{"line":182,"column":null}},"83":{"start":{"line":182,"column":30},"end":{"line":182,"column":null}},"84":{"start":{"line":183,"column":2},"end":{"line":183,"column":null}},"85":{"start":{"line":184,"column":2},"end":{"line":184,"column":null}},"86":{"start":{"line":188,"column":26},"end":{"line":190,"column":null}},"87":{"start":{"line":207,"column":27},"end":{"line":207,"column":null}},"88":{"start":{"line":219,"column":27},"end":{"line":219,"column":null}},"89":{"start":{"line":241,"column":25},"end":{"line":241,"column":null}},"90":{"start":{"line":241,"column":40},"end":{"line":241,"column":null}},"91":{"start":{"line":254,"column":12},"end":{"line":255,"column":null}},"92":{"start":{"line":269,"column":16},"end":{"line":270,"column":null}},"93":{"start":{"line":291,"column":2},"end":{"line":297,"column":null}},"94":{"start":{"line":299,"column":24},"end":{"line":299,"column":null}}},"fnMap":{"0":{"name":"(anonymous_4)","decl":{"start":{"line":73,"column":24},"end":{"line":73,"column":25}},"loc":{"start":{"line":73,"column":25},"end":{"line":78,"column":null}}},"1":{"name":"(anonymous_5)","decl":{"start":{"line":77,"column":32},"end":{"line":77,"column":33}},"loc":{"start":{"line":77,"column":41},"end":{"line":77,"column":67}}},"2":{"name":"(anonymous_6)","decl":{"start":{"line":80,"column":24},"end":{"line":80,"column":null}},"loc":{"start":{"line":80,"column":24},"end":{"line":83,"column":null}}},"3":{"name":"SwatchItem","decl":{"start":{"line":86,"column":9},"end":{"line":86,"column":20}},"loc":{"start":{"line":86,"column":70},"end":{"line":105,"column":null}}},"4":{"name":"(anonymous_8)","decl":{"start":{"line":91,"column":20},"end":{"line":91,"column":26}},"loc":{"start":{"line":91,"column":26},"end":{"line":91,"column":null}}},"5":{"name":"(anonymous_9)","decl":{"start":{"line":92,"column":20},"end":{"line":92,"column":26}},"loc":{"start":{"line":92,"column":26},"end":{"line":92,"column":null}}},"6":{"name":"(anonymous_10)","decl":{"start":{"line":93,"column":15},"end":{"line":93,"column":21}},"loc":{"start":{"line":93,"column":21},"end":{"line":93,"column":null}}},"7":{"name":"(anonymous_11)","decl":{"start":{"line":94,"column":14},"end":{"line":94,"column":20}},"loc":{"start":{"line":94,"column":20},"end":{"line":94,"column":null}}},"8":{"name":"Legend","decl":{"start":{"line":107,"column":24},"end":{"line":107,"column":31}},"loc":{"start":{"line":107,"column":111},"end":{"line":306,"column":null}}},"9":{"name":"(anonymous_13)","decl":{"start":{"line":113,"column":4},"end":{"line":113,"column":10}},"loc":{"start":{"line":113,"column":10},"end":{"line":113,"column":null}}},"10":{"name":"(anonymous_14)","decl":{"start":{"line":117,"column":4},"end":{"line":117,"column":10}},"loc":{"start":{"line":117,"column":10},"end":{"line":117,"column":70}}},"11":{"name":"(anonymous_15)","decl":{"start":{"line":121,"column":12},"end":{"line":121,"column":13}},"loc":{"start":{"line":121,"column":21},"end":{"line":121,"column":null}}},"12":{"name":"(anonymous_16)","decl":{"start":{"line":123,"column":20},"end":{"line":123,"column":21}},"loc":{"start":{"line":123,"column":29},"end":{"line":126,"column":null}}},"13":{"name":"(anonymous_17)","decl":{"start":{"line":128,"column":21},"end":{"line":128,"column":22}},"loc":{"start":{"line":128,"column":22},"end":{"line":131,"column":null}}},"14":{"name":"(anonymous_18)","decl":{"start":{"line":133,"column":27},"end":{"line":133,"column":28}},"loc":{"start":{"line":133,"column":28},"end":{"line":141,"column":null}}},"15":{"name":"(anonymous_19)","decl":{"start":{"line":138,"column":15},"end":{"line":138,"column":21}},"loc":{"start":{"line":138,"column":21},"end":{"line":138,"column":null}}},"16":{"name":"(anonymous_20)","decl":{"start":{"line":139,"column":15},"end":{"line":139,"column":21}},"loc":{"start":{"line":139,"column":21},"end":{"line":139,"column":null}}},"17":{"name":"(anonymous_21)","decl":{"start":{"line":143,"column":12},"end":{"line":143,"column":null}},"loc":{"start":{"line":143,"column":12},"end":{"line":150,"column":5}}},"18":{"name":"(anonymous_22)","decl":{"start":{"line":153,"column":12},"end":{"line":153,"column":null}},"loc":{"start":{"line":153,"column":12},"end":{"line":157,"column":5}}},"19":{"name":"(anonymous_23)","decl":{"start":{"line":159,"column":12},"end":{"line":159,"column":null}},"loc":{"start":{"line":159,"column":12},"end":{"line":162,"column":5}}},"20":{"name":"(anonymous_24)","decl":{"start":{"line":164,"column":12},"end":{"line":164,"column":null}},"loc":{"start":{"line":164,"column":12},"end":{"line":171,"column":5}}},"21":{"name":"(anonymous_25)","decl":{"start":{"line":173,"column":12},"end":{"line":173,"column":null}},"loc":{"start":{"line":173,"column":12},"end":{"line":179,"column":5}}},"22":{"name":"(anonymous_26)","decl":{"start":{"line":181,"column":29},"end":{"line":181,"column":30}},"loc":{"start":{"line":181,"column":30},"end":{"line":185,"column":null}}},"23":{"name":"(anonymous_27)","decl":{"start":{"line":207,"column":21},"end":{"line":207,"column":27}},"loc":{"start":{"line":207,"column":27},"end":{"line":207,"column":null}}},"24":{"name":"(anonymous_28)","decl":{"start":{"line":219,"column":21},"end":{"line":219,"column":27}},"loc":{"start":{"line":219,"column":27},"end":{"line":219,"column":null}}},"25":{"name":"(anonymous_29)","decl":{"start":{"line":241,"column":19},"end":{"line":241,"column":25}},"loc":{"start":{"line":241,"column":25},"end":{"line":241,"column":null}}},"26":{"name":"(anonymous_30)","decl":{"start":{"line":241,"column":33},"end":{"line":241,"column":34}},"loc":{"start":{"line":241,"column":40},"end":{"line":241,"column":null}}},"27":{"name":"(anonymous_31)","decl":{"start":{"line":253,"column":26},"end":{"line":253,"column":27}},"loc":{"start":{"line":254,"column":12},"end":{"line":255,"column":null}}},"28":{"name":"(anonymous_32)","decl":{"start":{"line":268,"column":33},"end":{"line":268,"column":34}},"loc":{"start":{"line":269,"column":16},"end":{"line":270,"column":null}}}},"branchMap":{"0":{"loc":{"start":{"line":74,"column":2},"end":{"line":74,"column":null}},"type":"if","locations":[{"start":{"line":74,"column":2},"end":{"line":74,"column":null}},{"start":{},"end":{}}]},"1":{"loc":{"start":{"line":76,"column":2},"end":{"line":76,"column":null}},"type":"if","locations":[{"start":{"line":76,"column":2},"end":{"line":76,"column":null}},{"start":{},"end":{}}]},"2":{"loc":{"start":{"line":77,"column":9},"end":{"line":77,"column":null}},"type":"binary-expr","locations":[{"start":{"line":77,"column":9},"end":{"line":77,"column":67}},{"start":{"line":77,"column":67},"end":{"line":77,"column":null}}]},"3":{"loc":{"start":{"line":81,"column":2},"end":{"line":81,"column":null}},"type":"if","locations":[{"start":{"line":81,"column":2},"end":{"line":81,"column":null}},{"start":{},"end":{}}]},"4":{"loc":{"start":{"line":86,"column":36},"end":{"line":86,"column":50}},"type":"default-arg","locations":[{"start":{"line":86,"column":48},"end":{"line":86,"column":50}}]},"5":{"loc":{"start":{"line":107,"column":33},"end":{"line":107,"column":57}},"type":"default-arg","locations":[{"start":{"line":107,"column":42},"end":{"line":107,"column":57}}]},"6":{"loc":{"start":{"line":107,"column":77},"end":{"line":107,"column":93}},"type":"default-arg","locations":[{"start":{"line":107,"column":88},"end":{"line":107,"column":93}}]},"7":{"loc":{"start":{"line":107,"column":95},"end":{"line":107,"column":109}},"type":"default-arg","locations":[{"start":{"line":107,"column":107},"end":{"line":107,"column":109}}]},"8":{"loc":{"start":{"line":113,"column":10},"end":{"line":113,"column":null}},"type":"binary-expr","locations":[{"start":{"line":113,"column":10},"end":{"line":113,"column":37}},{"start":{"line":113,"column":37},"end":{"line":113,"column":null}}]},"9":{"loc":{"start":{"line":117,"column":10},"end":{"line":117,"column":70}},"type":"binary-expr","locations":[{"start":{"line":117,"column":10},"end":{"line":117,"column":37}},{"start":{"line":117,"column":41},"end":{"line":117,"column":70}}]},"10":{"loc":{"start":{"line":121,"column":21},"end":{"line":121,"column":null}},"type":"binary-expr","locations":[{"start":{"line":121,"column":21},"end":{"line":121,"column":34}},{"start":{"line":121,"column":38},"end":{"line":121,"column":59}},{"start":{"line":121,"column":63},"end":{"line":121,"column":null}}]},"11":{"loc":{"start":{"line":124,"column":4},"end":{"line":124,"column":null}},"type":"if","locations":[{"start":{"line":124,"column":4},"end":{"line":124,"column":null}},{"start":{},"end":{}}]},"12":{"loc":{"start":{"line":124,"column":8},"end":{"line":124,"column":50}},"type":"binary-expr","locations":[{"start":{"line":124,"column":8},"end":{"line":124,"column":41}},{"start":{"line":124,"column":41},"end":{"line":124,"column":50}}]},"13":{"loc":{"start":{"line":129,"column":4},"end":{"line":129,"column":null}},"type":"if","locations":[{"start":{"line":129,"column":4},"end":{"line":129,"column":null}},{"start":{},"end":{}}]},"14":{"loc":{"start":{"line":135,"column":4},"end":{"line":135,"column":null}},"type":"if","locations":[{"start":{"line":135,"column":4},"end":{"line":135,"column":null}},{"start":{},"end":{}}]},"15":{"loc":{"start":{"line":144,"column":4},"end":{"line":144,"column":null}},"type":"if","locations":[{"start":{"line":144,"column":4},"end":{"line":144,"column":null}},{"start":{},"end":{}}]},"16":{"loc":{"start":{"line":146,"column":4},"end":{"line":149,"column":null}},"type":"if","locations":[{"start":{"line":146,"column":4},"end":{"line":149,"column":null}},{"start":{},"end":{}}]},"17":{"loc":{"start":{"line":154,"column":4},"end":{"line":154,"column":null}},"type":"if","locations":[{"start":{"line":154,"column":4},"end":{"line":154,"column":null}},{"start":{},"end":{}}]},"18":{"loc":{"start":{"line":156,"column":4},"end":{"line":156,"column":null}},"type":"if","locations":[{"start":{"line":156,"column":4},"end":{"line":156,"column":null}},{"start":{},"end":{}}]},"19":{"loc":{"start":{"line":160,"column":4},"end":{"line":160,"column":null}},"type":"if","locations":[{"start":{"line":160,"column":4},"end":{"line":160,"column":null}},{"start":{},"end":{}}]},"20":{"loc":{"start":{"line":161,"column":46},"end":{"line":161,"column":null}},"type":"cond-expr","locations":[{"start":{"line":161,"column":53},"end":{"line":161,"column":59}},{"start":{"line":161,"column":59},"end":{"line":161,"column":null}}]},"21":{"loc":{"start":{"line":165,"column":4},"end":{"line":165,"column":null}},"type":"if","locations":[{"start":{"line":165,"column":4},"end":{"line":165,"column":null}},{"start":{},"end":{}}]},"22":{"loc":{"start":{"line":166,"column":4},"end":{"line":170,"column":null}},"type":"if","locations":[{"start":{"line":166,"column":4},"end":{"line":170,"column":null}},{"start":{"line":168,"column":11},"end":{"line":170,"column":null}}]},"23":{"loc":{"start":{"line":174,"column":4},"end":{"line":174,"column":null}},"type":"if","locations":[{"start":{"line":174,"column":4},"end":{"line":174,"column":null}},{"start":{},"end":{}}]},"24":{"loc":{"start":{"line":176,"column":4},"end":{"line":178,"column":null}},"type":"if","locations":[{"start":{"line":176,"column":4},"end":{"line":178,"column":null}},{"start":{},"end":{}}]},"25":{"loc":{"start":{"line":176,"column":8},"end":{"line":176,"column":52}},"type":"binary-expr","locations":[{"start":{"line":176,"column":8},"end":{"line":176,"column":22}},{"start":{"line":176,"column":22},"end":{"line":176,"column":52}}]},"26":{"loc":{"start":{"line":182,"column":2},"end":{"line":182,"column":null}},"type":"if","locations":[{"start":{"line":182,"column":2},"end":{"line":182,"column":null}},{"start":{},"end":{}}]},"27":{"loc":{"start":{"line":188,"column":26},"end":{"line":190,"column":null}},"type":"cond-expr","locations":[{"start":{"line":189,"column":6},"end":{"line":189,"column":null}},{"start":{"line":190,"column":6},"end":{"line":190,"column":null}}]},"28":{"loc":{"start":{"line":206,"column":37},"end":{"line":206,"column":104}},"type":"cond-expr","locations":[{"start":{"line":206,"column":62},"end":{"line":206,"column":80}},{"start":{"line":206,"column":80},"end":{"line":206,"column":104}}]},"29":{"loc":{"start":{"line":218,"column":37},"end":{"line":218,"column":104}},"type":"cond-expr","locations":[{"start":{"line":218,"column":62},"end":{"line":218,"column":80}},{"start":{"line":218,"column":80},"end":{"line":218,"column":104}}]},"30":{"loc":{"start":{"line":234,"column":12},"end":{"line":234,"column":null}},"type":"cond-expr","locations":[{"start":{"line":234,"column":19},"end":{"line":234,"column":40}},{"start":{"line":234,"column":40},"end":{"line":234,"column":null}}]},"31":{"loc":{"start":{"line":235,"column":12},"end":{"line":235,"column":null}},"type":"cond-expr","locations":[{"start":{"line":235,"column":19},"end":{"line":235,"column":26}},{"start":{"line":235,"column":26},"end":{"line":235,"column":null}}]},"32":{"loc":{"start":{"line":236,"column":12},"end":{"line":236,"column":null}},"type":"cond-expr","locations":[{"start":{"line":236,"column":19},"end":{"line":236,"column":26}},{"start":{"line":236,"column":26},"end":{"line":236,"column":null}}]},"33":{"loc":{"start":{"line":237,"column":12},"end":{"line":237,"column":null}},"type":"cond-expr","locations":[{"start":{"line":237,"column":19},"end":{"line":237,"column":26}},{"start":{"line":237,"column":26},"end":{"line":237,"column":null}}]},"34":{"loc":{"start":{"line":244,"column":17},"end":{"line":244,"column":null}},"type":"cond-expr","locations":[{"start":{"line":244,"column":24},"end":{"line":244,"column":42}},{"start":{"line":244,"column":42},"end":{"line":244,"column":null}}]},"35":{"loc":{"start":{"line":246,"column":30},"end":{"line":246,"column":76}},"type":"cond-expr","locations":[{"start":{"line":246,"column":37},"end":{"line":246,"column":57}},{"start":{"line":246,"column":57},"end":{"line":246,"column":76}}]},"36":{"loc":{"start":{"line":247,"column":45},"end":{"line":247,"column":null}},"type":"cond-expr","locations":[{"start":{"line":247,"column":52},"end":{"line":247,"column":70}},{"start":{"line":247,"column":70},"end":{"line":247,"column":null}}]},"37":{"loc":{"start":{"line":291,"column":2},"end":{"line":297,"column":null}},"type":"if","locations":[{"start":{"line":291,"column":2},"end":{"line":297,"column":null}},{"start":{},"end":{}}]},"38":{"loc":{"start":{"line":299,"column":51},"end":{"line":299,"column":78}},"type":"cond-expr","locations":[{"start":{"line":299,"column":58},"end":{"line":299,"column":63}},{"start":{"line":299,"column":63},"end":{"line":299,"column":78}}]}},"s":{"0":7,"1":2,"2":2,"3":2,"4":2,"5":2,"6":2,"7":2,"8":2,"9":2,"10":21,"11":6,"12":15,"13":15,"14":15,"15":0,"16":0,"17":2,"18":7,"19":0,"20":7,"21":84,"22":1,"23":1,"24":0,"25":0,"26":13,"27":13,"28":13,"29":13,"30":7,"31":13,"32":9,"33":13,"34":13,"35":182,"36":13,"37":1,"38":0,"39":1,"40":13,"41":1,"42":0,"43":1,"44":13,"45":91,"46":91,"47":0,"48":91,"49":91,"50":1,"51":1,"52":13,"53":7,"54":0,"55":7,"56":7,"57":1,"58":1,"59":13,"60":7,"61":0,"62":7,"63":7,"64":3,"65":13,"66":10,"67":0,"68":10,"69":13,"70":9,"71":0,"72":9,"73":2,"74":7,"75":13,"76":9,"77":2,"78":7,"79":7,"80":0,"81":13,"82":1,"83":0,"84":1,"85":1,"86":13,"87":0,"88":1,"89":3,"90":3,"91":26,"92":52,"93":13,"94":13},"f":{"0":21,"1":0,"2":7,"3":84,"4":1,"5":1,"6":0,"7":0,"8":13,"9":7,"10":9,"11":182,"12":1,"13":1,"14":91,"15":1,"16":1,"17":7,"18":7,"19":10,"20":9,"21":9,"22":1,"23":0,"24":1,"25":3,"26":3,"27":26,"28":52},"b":{"0":[6,15],"1":[15,0],"2":[0,0],"3":[0,7],"4":[0],"5":[13],"6":[13],"7":[7],"8":[7,0],"9":[9,0],"10":[182,0,0],"11":[0,1],"12":[1,1],"13":[0,1],"14":[0,91],"15":[0,7],"16":[1,6],"17":[0,7],"18":[3,4],"19":[0,10],"20":[8,2],"21":[0,9],"22":[2,7],"23":[2,7],"24":[0,7],"25":[7,7],"26":[0,1],"27":[10,3],"28":[11,2],"29":[2,11],"30":[10,3],"31":[10,3],"32":[10,3],"33":[10,3],"34":[10,3],"35":[10,3],"36":[10,3],"37":[0,13],"38":[10,3]}}
,"C:\\Users\\karme\\OneDrive\\Desktop\\ggcmaps-fall25\\lib\\campus.js": {"path":"C:\\Users\\karme\\OneDrive\\Desktop\\ggcmaps-fall25\\lib\\campus.js","statementMap":{"0":{"start":{"line":33,"column":16},"end":{"line":33,"column":49}},"1":{"start":{"line":7,"column":16},"end":{"line":7,"column":31}},"2":{"start":{"line":16,"column":16},"end":{"line":16,"column":31}},"3":{"start":{"line":25,"column":16},"end":{"line":25,"column":31}},"4":{"start":{"line":1,"column":26},"end":{"line":1,"column":null}},"5":{"start":{"line":8,"column":2},"end":{"line":8,"column":24}},"6":{"start":{"line":17,"column":2},"end":{"line":17,"column":71}},"7":{"start":{"line":17,"column":42},"end":{"line":17,"column":65}},"8":{"start":{"line":26,"column":2},"end":{"line":26,"column":69}},"9":{"start":{"line":26,"column":40},"end":{"line":26,"column":69}},"10":{"start":{"line":34,"column":17},"end":{"line":34,"column":19}},"11":{"start":{"line":36,"column":2},"end":{"line":43,"column":null}},"12":{"start":{"line":37,"column":4},"end":{"line":42,"column":null}},"13":{"start":{"line":38,"column":6},"end":{"line":41,"column":null}},"14":{"start":{"line":45,"column":2},"end":{"line":45,"column":17}}},"fnMap":{"0":{"name":"getAllBuildings","decl":{"start":{"line":7,"column":16},"end":{"line":7,"column":31}},"loc":{"start":{"line":7,"column":16},"end":{"line":9,"column":null}}},"1":{"name":"getBuildingById","decl":{"start":{"line":16,"column":16},"end":{"line":16,"column":31}},"loc":{"start":{"line":16,"column":34},"end":{"line":18,"column":null}}},"2":{"name":"(anonymous_8)","decl":{"start":{"line":17,"column":28},"end":{"line":17,"column":29}},"loc":{"start":{"line":17,"column":42},"end":{"line":17,"column":65}}},"3":{"name":"getBuildingData","decl":{"start":{"line":25,"column":16},"end":{"line":25,"column":31}},"loc":{"start":{"line":25,"column":42},"end":{"line":27,"column":null}}},"4":{"name":"(anonymous_10)","decl":{"start":{"line":26,"column":28},"end":{"line":26,"column":40}},"loc":{"start":{"line":26,"column":40},"end":{"line":26,"column":69}}},"5":{"name":"generateBuildingFloorStaticParams","decl":{"start":{"line":33,"column":16},"end":{"line":33,"column":49}},"loc":{"start":{"line":33,"column":16},"end":{"line":46,"column":null}}},"6":{"name":"(anonymous_12)","decl":{"start":{"line":36,"column":24},"end":{"line":36,"column":null}},"loc":{"start":{"line":36,"column":24},"end":{"line":43,"column":null}}},"7":{"name":"(anonymous_13)","decl":{"start":{"line":37,"column":28},"end":{"line":37,"column":null}},"loc":{"start":{"line":37,"column":28},"end":{"line":42,"column":null}}}},"branchMap":{"0":{"loc":{"start":{"line":17,"column":9},"end":{"line":17,"column":71}},"type":"binary-expr","locations":[{"start":{"line":17,"column":9},"end":{"line":17,"column":65}},{"start":{"line":17,"column":65},"end":{"line":17,"column":71}}]}},"s":{"0":0,"1":1,"2":0,"3":0,"4":1,"5":1,"6":0,"7":0,"8":0,"9":0,"10":0,"11":0,"12":0,"13":0,"14":0},"f":{"0":1,"1":0,"2":0,"3":0,"4":0,"5":0,"6":0,"7":0},"b":{"0":[0,0]}}
}
