TN:
SF:components\CampusMapView.js
FN:12,CampusMapView
FN:22,(anonymous_3)
FN:22,(anonymous_4)
FN:28,(anonymous_5)
FN:49,(anonymous_6)
FN:50,(anonymous_7)
FN:58,(anonymous_8)
FN:62,(anonymous_9)
FN:78,(anonymous_10)
FN:79,(anonymous_11)
FN:82,(anonymous_12)
FN:90,(anonymous_13)
FN:98,(anonymous_14)
FN:108,(anonymous_15)
FN:180,(anonymous_16)
FNF:15
FNH:14
FNDA:7,CampusMapView
FNDA:2,(anonymous_3)
FNDA:26,(anonymous_4)
FNDA:3,(anonymous_5)
FNDA:2,(anonymous_6)
FNDA:2,(anonymous_7)
FNDA:2,(anonymous_8)
FNDA:7,(anonymous_9)
FNDA:45,(anonymous_10)
FNDA:10,(anonymous_11)
FNDA:5,(anonymous_12)
FNDA:2,(anonymous_13)
FNDA:5,(anonymous_14)
FNDA:0,(anonymous_15)
FNDA:1,(anonymous_16)
DA:4,1
DA:5,1
DA:6,1
DA:7,1
DA:8,1
DA:9,1
DA:12,2
DA:16,7
DA:17,7
DA:18,7
DA:21,7
DA:22,26
DA:27,7
DA:28,7
DA:29,3
DA:30,3
DA:32,3
DA:33,3
DA:35,3
DA:36,3
DA:39,3
DA:40,3
DA:41,2
DA:42,2
DA:44,1
DA:45,1
DA:49,7
DA:50,2
DA:51,2
DA:52,2
DA:53,2
DA:54,2
DA:57,2
DA:58,2
DA:62,7
DA:63,7
DA:64,7
DA:66,5
DA:78,5
DA:79,45
DA:80,10
DA:81,10
DA:82,5
DA:83,5
DA:90,7
DA:91,2
DA:95,7
DA:98,7
DA:99,5
DA:101,5
DA:102,5
DA:103,5
DA:105,5
DA:106,5
DA:108,5
DA:109,0
DA:114,5
DA:115,5
DA:116,5
DA:119,5
DA:120,5
DA:121,5
DA:129,5
DA:130,5
DA:131,5
DA:132,0
DA:133,0
DA:134,0
DA:181,1
DA:182,1
DA:183,1
LF:71
LH:67
BRDA:13,0,0,7
BRDA:14,1,0,7
BRDA:30,2,0,0
BRDA:30,2,1,3
BRDA:30,3,0,3
BRDA:30,3,1,0
BRDA:32,4,0,3
BRDA:32,4,1,0
BRDA:35,5,0,3
BRDA:35,5,1,0
BRDA:39,6,0,3
BRDA:39,6,1,0
BRDA:40,7,0,2
BRDA:40,7,1,1
BRDA:40,8,0,3
BRDA:40,8,1,1
BRDA:40,8,2,1
BRDA:44,9,0,1
BRDA:44,9,1,0
BRDA:44,10,0,1
BRDA:44,10,1,1
BRDA:51,11,0,2
BRDA:51,11,1,0
BRDA:52,12,0,2
BRDA:52,12,1,0
BRDA:53,13,0,2
BRDA:53,13,1,0
BRDA:53,14,0,2
BRDA:53,14,1,2
BRDA:53,15,0,2
BRDA:53,15,1,0
BRDA:64,16,0,2
BRDA:64,16,1,5
BRDA:81,17,0,5
BRDA:81,17,1,5
BRDA:103,18,0,0
BRDA:103,18,1,5
BRDA:109,19,0,0
BRDA:109,19,1,0
BRDA:114,20,0,5
BRDA:114,20,1,5
BRDA:115,21,0,5
BRDA:115,21,1,0
BRDA:119,22,0,5
BRDA:119,22,1,0
BRDA:119,23,0,5
BRDA:119,23,1,5
BRDA:129,24,0,5
BRDA:129,24,1,0
BRDA:129,25,0,5
BRDA:129,25,1,5
BRDA:174,26,0,7
BRDA:182,27,0,1
BRDA:182,27,1,0
BRF:54
BRH:37
end_of_record
TN:
SF:components\Find.js
FN:10,highlightInPage
FN:17,(anonymous_3)
FN:38,highlightWithRetry
FN:43,(anonymous_5)
FN:47,Find
FN:60,(anonymous_7)
FN:109,(anonymous_8)
FN:114,(anonymous_9)
FN:142,(anonymous_10)
FN:162,(anonymous_11)
FN:163,(anonymous_12)
FN:239,(anonymous_13)
FNF:12
FNH:11
FNDA:4,highlightInPage
FNDA:0,(anonymous_3)
FNDA:3,highlightWithRetry
FNDA:2,(anonymous_5)
FNDA:27,Find
FNDA:5,(anonymous_7)
FNDA:1556,(anonymous_8)
FNDA:1556,(anonymous_9)
FNDA:1,(anonymous_10)
FNDA:11,(anonymous_11)
FNDA:11,(anonymous_12)
FNDA:1,(anonymous_13)
DA:3,2
DA:4,2
DA:5,2
DA:6,2
DA:7,2
DA:8,2
DA:11,4
DA:12,4
DA:14,0
DA:15,0
DA:17,0
DA:18,0
DA:22,0
DA:24,0
DA:26,0
DA:27,0
DA:29,0
DA:30,0
DA:32,0
DA:33,0
DA:35,0
DA:39,3
DA:40,3
DA:42,3
DA:43,3
DA:47,9
DA:48,27
DA:49,27
DA:50,27
DA:51,27
DA:52,27
DA:60,27
DA:61,5
DA:63,5
DA:64,1
DA:65,1
DA:68,4
DA:70,4
DA:71,1
DA:72,1
DA:73,1
DA:75,1
DA:79,1
DA:80,0
DA:82,1
DA:85,1
DA:86,1
DA:87,1
DA:90,3
DA:91,1
DA:92,1
DA:93,1
DA:96,2
DA:97,1
DA:98,1
DA:99,1
DA:100,1
DA:103,1
DA:104,0
DA:108,1
DA:109,1556
DA:113,1
DA:114,1
DA:115,1556
DA:116,1556
DA:120,1
DA:121,1
DA:122,1
DA:124,0
DA:125,0
DA:126,0
DA:127,0
DA:128,0
DA:129,0
DA:130,0
DA:132,0
DA:133,0
DA:142,27
DA:143,1
DA:162,11
DA:163,11
DA:239,1
LF:82
LH:58
BRDA:12,0,0,4
BRDA:12,0,1,0
BRDA:15,1,0,0
BRDA:15,1,1,0
BRDA:22,2,0,0
BRDA:22,2,1,0
BRDA:24,3,0,0
BRDA:24,3,1,0
BRDA:26,4,0,0
BRDA:26,4,1,0
BRDA:27,5,0,0
BRDA:27,5,1,0
BRDA:29,6,0,0
BRDA:29,6,1,0
BRDA:30,7,0,0
BRDA:30,7,1,0
BRDA:32,8,0,0
BRDA:32,8,1,0
BRDA:33,9,0,0
BRDA:33,9,1,0
BRDA:38,10,0,1
BRDA:38,11,0,1
BRDA:40,12,0,0
BRDA:40,12,1,3
BRDA:42,13,0,0
BRDA:42,13,1,3
BRDA:63,14,0,1
BRDA:63,14,1,4
BRDA:70,15,0,1
BRDA:70,15,1,3
BRDA:79,16,0,0
BRDA:79,16,1,1
BRDA:90,17,0,1
BRDA:90,17,1,2
BRDA:90,18,0,3
BRDA:90,18,1,1
BRDA:96,19,0,1
BRDA:96,19,1,1
BRDA:96,20,0,2
BRDA:96,20,1,1
BRDA:103,21,0,0
BRDA:103,21,1,1
BRDA:109,22,0,1556
BRDA:109,22,1,0
BRDA:113,23,0,1
BRDA:113,23,1,0
BRDA:120,24,0,1
BRDA:120,24,1,0
BRDA:127,25,0,0
BRDA:127,25,1,0
BRDA:132,26,0,0
BRDA:132,26,1,0
BRDA:163,27,0,11
BRDA:163,27,1,0
BRDA:172,28,0,27
BRDA:180,29,0,27
BRF:56
BRH:25
end_of_record
TN:
SF:components\FloorMapView.js
FN:8,(anonymous_2)
FN:16,FloorMapView
FN:22,(anonymous_4)
FN:34,(anonymous_5)
FN:41,(anonymous_6)
FN:43,(anonymous_7)
FN:53,(anonymous_8)
FN:57,(anonymous_9)
FN:72,(anonymous_10)
FN:81,(anonymous_11)
FN:95,(anonymous_12)
FN:98,(anonymous_13)
FNF:12
FNH:11
FNDA:1,(anonymous_2)
FNDA:3,FloorMapView
FNDA:1,(anonymous_4)
FNDA:1,(anonymous_5)
FNDA:1,(anonymous_6)
FNDA:1,(anonymous_7)
FNDA:1,(anonymous_8)
FNDA:2,(anonymous_9)
FNDA:0,(anonymous_10)
FNDA:1,(anonymous_11)
FNDA:1,(anonymous_12)
FNDA:3,(anonymous_13)
DA:3,1
DA:4,1
DA:5,1
DA:8,1
DA:9,1
DA:16,1
DA:17,3
DA:18,3
DA:19,3
DA:20,3
DA:22,3
DA:23,1
DA:24,1
DA:25,1
DA:27,0
DA:34,3
DA:35,1
DA:36,1
DA:41,3
DA:42,1
DA:43,1
DA:44,1
DA:45,1
DA:46,1
DA:47,1
DA:48,1
DA:50,0
DA:53,1
DA:57,3
DA:58,2
DA:59,2
DA:62,1
DA:63,1
DA:64,1
DA:65,1
DA:66,1
DA:67,1
DA:68,1
DA:72,1
DA:73,0
DA:74,0
DA:75,0
DA:76,0
DA:81,1
DA:83,1
DA:85,1
DA:86,1
DA:87,1
DA:88,1
DA:89,1
DA:90,1
DA:94,1
DA:95,1
DA:98,3
DA:99,3
DA:100,3
DA:102,3
DA:103,0
DA:104,0
DA:105,0
DA:108,3
DA:110,1
DA:111,1
DA:113,1
DA:114,1
DA:116,1
DA:117,1
DA:118,1
DA:119,1
LF:69
LH:60
BRDA:16,0,0,3
BRDA:23,1,0,0
BRDA:23,1,1,1
BRDA:24,2,0,1
BRDA:24,2,1,0
BRDA:24,3,0,1
BRDA:24,3,1,1
BRDA:35,4,0,1
BRDA:35,4,1,0
BRDA:48,5,0,1
BRDA:48,5,1,0
BRDA:50,6,0,0
BRDA:50,6,1,0
BRDA:59,7,0,1
BRDA:59,7,1,1
BRDA:59,8,0,2
BRDA:59,8,1,2
BRDA:63,9,0,1
BRDA:63,9,1,0
BRDA:74,10,0,0
BRDA:74,10,1,0
BRDA:83,11,0,1
BRDA:83,11,1,0
BRDA:85,12,0,0
BRDA:85,12,1,1
BRDA:88,13,0,1
BRDA:88,13,1,0
BRDA:88,13,2,0
BRDA:89,14,0,1
BRDA:89,14,1,0
BRDA:102,15,0,0
BRDA:102,15,1,3
BRDA:108,16,0,2
BRDA:108,16,1,1
BRDA:108,17,0,3
BRDA:108,17,1,3
BRDA:108,17,2,2
BRDA:111,18,0,0
BRDA:111,18,1,1
BRDA:114,19,0,1
BRDA:114,19,1,0
BRDA:116,20,0,1
BRDA:116,20,1,0
BRDA:146,21,0,1
BRDA:146,21,1,2
BRF:45
BRH:27
end_of_record
TN:
SF:components\Footer.js
FN:3,Footer
FNF:1
FNH:1
FNDA:3,Footer
DA:3,3
DA:4,3
LF:2
LH:2
BRF:0
BRH:0
end_of_record
TN:
SF:components\Header.js
FN:8,Header
FNF:1
FNH:1
FNDA:3,Header
DA:4,1
DA:5,1
DA:6,1
DA:8,3
LF:4
LH:4
BRF:0
BRH:0
end_of_record
TN:
SF:components\InlineSvg.js
FN:5,sanitize
FN:14,inferKind
FN:29,InlineSvg
FN:50,(anonymous_4)
FN:69,(anonymous_5)
FN:70,(anonymous_6)
FN:73,(anonymous_7)
FN:76,(anonymous_8)
FN:84,(anonymous_9)
FN:87,(anonymous_10)
FN:100,(anonymous_11)
FN:105,(anonymous_12)
FN:106,(anonymous_13)
FN:107,(anonymous_14)
FN:108,(anonymous_15)
FN:112,(anonymous_16)
FN:116,(anonymous_17)
FN:136,(anonymous_18)
FN:142,(anonymous_19)
FN:144,(anonymous_20)
FN:153,(anonymous_21)
FN:169,(anonymous_22)
FN:179,(anonymous_23)
FN:186,(anonymous_24)
FN:197,(anonymous_25)
FN:218,(anonymous_26)
FN:228,(anonymous_27)
FN:241,(anonymous_28)
FN:261,(anonymous_29)
FN:262,(anonymous_30)
FN:274,(anonymous_31)
FN:287,(anonymous_32)
FN:290,(anonymous_33)
FN:295,(anonymous_34)
FN:298,(anonymous_35)
FN:303,(anonymous_36)
FN:308,(anonymous_37)
FN:321,(anonymous_38)
FN:322,(anonymous_39)
FN:325,(anonymous_40)
FN:333,(anonymous_41)
FN:339,(anonymous_42)
FN:346,(anonymous_43)
FN:352,(anonymous_44)
FN:367,(anonymous_45)
FN:374,(anonymous_46)
FN:375,(anonymous_47)
FN:375,(anonymous_48)
FN:380,(anonymous_49)
FN:384,(anonymous_50)
FN:395,(anonymous_51)
FN:402,(anonymous_52)
FNF:52
FNH:33
FNDA:2,sanitize
FNDA:20,inferKind
FNDA:10,InlineSvg
FNDA:1,(anonymous_4)
FNDA:11,(anonymous_5)
FNDA:11,(anonymous_6)
FNDA:12,(anonymous_7)
FNDA:1,(anonymous_8)
FNDA:0,(anonymous_9)
FNDA:0,(anonymous_10)
FNDA:2,(anonymous_11)
FNDA:2,(anonymous_12)
FNDA:2,(anonymous_13)
FNDA:0,(anonymous_14)
FNDA:2,(anonymous_15)
FNDA:7,(anonymous_16)
FNDA:24,(anonymous_17)
FNDA:20,(anonymous_18)
FNDA:8,(anonymous_19)
FNDA:20,(anonymous_20)
FNDA:3,(anonymous_21)
FNDA:4,(anonymous_22)
FNDA:2,(anonymous_23)
FNDA:0,(anonymous_24)
FNDA:2,(anonymous_25)
FNDA:2,(anonymous_26)
FNDA:0,(anonymous_27)
FNDA:2,(anonymous_28)
FNDA:20,(anonymous_29)
FNDA:20,(anonymous_30)
FNDA:5,(anonymous_31)
FNDA:2,(anonymous_32)
FNDA:0,(anonymous_33)
FNDA:0,(anonymous_34)
FNDA:0,(anonymous_35)
FNDA:0,(anonymous_36)
FNDA:0,(anonymous_37)
FNDA:0,(anonymous_38)
FNDA:0,(anonymous_39)
FNDA:0,(anonymous_40)
FNDA:2,(anonymous_41)
FNDA:0,(anonymous_42)
FNDA:0,(anonymous_43)
FNDA:0,(anonymous_44)
FNDA:2,(anonymous_45)
FNDA:4,(anonymous_46)
FNDA:0,(anonymous_47)
FNDA:0,(anonymous_48)
FNDA:2,(anonymous_49)
FNDA:0,(anonymous_50)
FNDA:2,(anonymous_51)
FNDA:4,(anonymous_52)
DA:2,1
DA:6,2
DA:15,20
DA:16,20
DA:17,20
DA:18,19
DA:19,0
DA:20,0
DA:21,0
DA:24,1
DA:25,1
DA:26,1
DA:29,7
DA:37,10
DA:38,10
DA:39,10
DA:40,10
DA:41,10
DA:42,10
DA:43,10
DA:44,10
DA:50,10
DA:51,1
DA:52,1
DA:54,1
DA:55,1
DA:57,1
DA:59,0
DA:60,0
DA:62,0
DA:69,10
DA:70,11
DA:73,10
DA:74,12
DA:75,12
DA:76,1
DA:78,12
DA:79,1
DA:80,1
DA:83,11
DA:84,11
DA:85,0
DA:86,0
DA:87,0
DA:91,11
DA:92,0
DA:94,11
DA:100,10
DA:101,2
DA:102,2
DA:103,2
DA:104,2
DA:105,2
DA:106,2
DA:107,0
DA:108,2
DA:112,10
DA:113,7
DA:114,5
DA:116,5
DA:117,24
DA:118,24
DA:119,24
DA:121,0
DA:122,0
DA:123,0
DA:125,0
DA:126,0
DA:128,0
DA:129,0
DA:130,0
DA:132,0
DA:135,5
DA:136,5
DA:137,20
DA:138,20
DA:139,20
DA:142,8
DA:144,5
DA:145,20
DA:146,20
DA:147,20
DA:148,8
DA:149,8
DA:153,5
DA:154,3
DA:155,3
DA:156,3
DA:157,3
DA:159,3
DA:160,3
DA:161,2
DA:169,5
DA:170,4
DA:171,4
DA:172,4
DA:173,0
DA:175,4
DA:179,5
DA:180,2
DA:181,2
DA:182,2
DA:186,5
DA:187,0
DA:188,0
DA:189,0
DA:190,0
DA:191,0
DA:192,0
DA:193,0
DA:197,5
DA:198,2
DA:199,2
DA:200,1
DA:201,1
DA:202,1
DA:204,1
DA:207,1
DA:208,0
DA:209,0
DA:210,0
DA:218,5
DA:219,2
DA:220,2
DA:221,1
DA:222,1
DA:223,1
DA:224,1
DA:225,1
DA:228,5
DA:229,0
DA:230,0
DA:231,0
DA:232,0
DA:233,0
DA:234,0
DA:235,0
DA:237,0
DA:238,0
DA:241,5
DA:242,2
DA:243,2
DA:244,1
DA:245,0
DA:246,0
DA:247,0
DA:251,5
DA:252,5
DA:253,5
DA:254,5
DA:255,5
DA:256,5
DA:259,5
DA:260,5
DA:261,20
DA:263,20
DA:264,20
DA:271,5
DA:274,5
DA:275,5
DA:276,5
DA:277,5
DA:278,5
DA:279,5
DA:280,5
DA:281,5
DA:282,5
DA:283,5
DA:287,10
DA:288,2
DA:290,2
DA:291,0
DA:292,0
DA:293,0
DA:295,0
DA:298,2
DA:299,0
DA:300,0
DA:301,0
DA:302,0
DA:303,0
DA:304,0
DA:307,0
DA:308,0
DA:309,0
DA:310,0
DA:311,0
DA:312,0
DA:313,0
DA:314,0
DA:318,0
DA:321,2
DA:322,0
DA:325,2
DA:326,0
DA:327,0
DA:328,0
DA:329,0
DA:333,2
DA:334,2
DA:335,2
DA:336,2
DA:339,2
DA:340,0
DA:341,0
DA:342,0
DA:343,0
DA:344,0
DA:345,0
DA:346,0
DA:347,0
DA:349,0
DA:352,2
DA:353,0
DA:354,0
DA:355,0
DA:356,0
DA:358,0
DA:359,0
DA:361,0
DA:364,2
DA:365,2
DA:367,2
DA:368,2
DA:369,2
DA:370,2
DA:374,10
DA:375,4
DA:376,4
DA:377,4
DA:380,10
DA:381,2
DA:382,2
DA:384,2
DA:385,0
DA:386,0
DA:388,0
DA:389,0
DA:392,2
DA:393,2
DA:395,2
DA:396,2
DA:397,2
DA:402,10
DA:403,4
DA:404,4
DA:405,4
DA:406,0
DA:407,0
DA:408,0
DA:409,0
DA:412,4
DA:413,2
DA:414,2
DA:415,1
DA:416,1
DA:418,2
DA:420,2
DA:425,10
DA:426,0
DA:427,0
LF:261
LH:168
BRDA:15,0,0,20
BRDA:15,0,1,20
BRDA:15,0,2,0
BRDA:15,0,3,0
BRDA:17,1,0,1
BRDA:17,1,1,19
BRDA:18,2,0,19
BRDA:18,2,1,0
BRDA:19,3,0,0
BRDA:19,3,1,0
BRDA:20,4,0,0
BRDA:20,4,1,0
BRDA:20,5,0,0
BRDA:20,5,1,0
BRDA:20,5,2,0
BRDA:31,6,0,0
BRDA:32,7,0,0
BRDA:33,8,0,0
BRDA:52,9,0,0
BRDA:52,9,1,1
BRDA:52,10,0,1
BRDA:52,10,1,1
BRDA:52,10,2,1
BRDA:57,11,0,1
BRDA:57,11,1,0
BRDA:57,12,0,1
BRDA:57,12,1,1
BRDA:57,12,2,1
BRDA:57,12,3,1
BRDA:70,13,0,0
BRDA:70,13,1,11
BRDA:76,14,0,1
BRDA:76,14,1,1
BRDA:76,14,2,1
BRDA:78,15,0,1
BRDA:78,15,1,11
BRDA:85,16,0,0
BRDA:85,16,1,0
BRDA:85,17,0,0
BRDA:85,17,1,0
BRDA:87,18,0,0
BRDA:87,18,1,0
BRDA:87,18,2,0
BRDA:91,19,0,0
BRDA:91,19,1,11
BRDA:105,20,0,0
BRDA:105,20,1,2
BRDA:106,21,0,2
BRDA:106,21,1,0
BRDA:107,22,0,0
BRDA:107,22,1,0
BRDA:113,23,0,2
BRDA:113,23,1,5
BRDA:113,24,0,7
BRDA:113,24,1,5
BRDA:117,25,0,0
BRDA:117,25,1,24
BRDA:118,26,0,24
BRDA:118,26,1,0
BRDA:122,27,0,0
BRDA:122,27,1,0
BRDA:122,28,0,0
BRDA:122,28,1,0
BRDA:125,29,0,0
BRDA:125,29,1,0
BRDA:129,30,0,0
BRDA:129,30,1,0
BRDA:129,31,0,0
BRDA:129,31,1,0
BRDA:129,31,2,0
BRDA:132,32,0,0
BRDA:132,32,1,0
BRDA:138,33,0,20
BRDA:138,33,1,0
BRDA:145,34,0,8
BRDA:145,34,1,12
BRDA:146,35,0,8
BRDA:146,35,1,12
BRDA:147,36,0,8
BRDA:147,36,1,12
BRDA:149,37,0,8
BRDA:149,37,1,4
BRDA:149,37,2,4
BRDA:149,37,3,0
BRDA:153,38,0,2
BRDA:153,39,0,3
BRDA:153,40,0,2
BRDA:154,41,0,0
BRDA:154,41,1,3
BRDA:155,42,0,3
BRDA:155,42,1,0
BRDA:155,43,0,3
BRDA:155,43,1,0
BRDA:156,44,0,3
BRDA:156,44,1,0
BRDA:160,45,0,2
BRDA:160,45,1,1
BRDA:160,46,0,3
BRDA:160,46,1,2
BRDA:163,47,0,2
BRDA:163,47,1,0
BRDA:170,48,0,0
BRDA:170,48,1,4
BRDA:172,49,0,0
BRDA:172,49,1,4
BRDA:181,50,0,0
BRDA:181,50,1,2
BRDA:188,51,0,0
BRDA:188,51,1,0
BRDA:189,52,0,0
BRDA:189,52,1,0
BRDA:189,53,0,0
BRDA:189,53,1,0
BRDA:192,54,0,0
BRDA:192,54,1,0
BRDA:199,55,0,1
BRDA:199,55,1,1
BRDA:199,56,0,2
BRDA:199,56,1,2
BRDA:201,57,0,1
BRDA:201,57,1,0
BRDA:204,58,0,1
BRDA:204,58,1,0
BRDA:207,59,0,0
BRDA:207,59,1,1
BRDA:207,60,0,1
BRDA:207,60,1,1
BRDA:209,61,0,0
BRDA:209,61,1,0
BRDA:209,62,0,0
BRDA:209,62,1,0
BRDA:220,63,0,1
BRDA:220,63,1,1
BRDA:220,64,0,2
BRDA:220,64,1,1
BRDA:221,65,0,1
BRDA:221,65,1,0
BRDA:222,66,0,0
BRDA:222,66,1,1
BRDA:230,67,0,0
BRDA:230,67,1,0
BRDA:230,68,0,0
BRDA:230,68,1,0
BRDA:231,69,0,0
BRDA:231,69,1,0
BRDA:233,70,0,0
BRDA:233,70,1,0
BRDA:233,71,0,0
BRDA:233,71,1,0
BRDA:234,72,0,0
BRDA:234,72,1,0
BRDA:243,73,0,1
BRDA:243,73,1,1
BRDA:243,74,0,2
BRDA:243,74,1,1
BRDA:244,75,0,0
BRDA:244,75,1,1
BRDA:259,76,0,5
BRDA:259,76,1,0
BRDA:261,77,0,20
BRDA:261,77,1,20
BRDA:263,78,0,20
BRDA:263,78,1,10
BRDA:288,79,0,0
BRDA:288,79,1,2
BRDA:291,80,0,0
BRDA:291,80,1,0
BRDA:291,81,0,0
BRDA:291,81,1,0
BRDA:292,82,0,0
BRDA:292,82,1,0
BRDA:292,83,0,0
BRDA:292,83,1,0
BRDA:300,84,0,0
BRDA:300,84,1,0
BRDA:302,85,0,0
BRDA:302,85,1,0
BRDA:304,86,0,0
BRDA:304,86,1,0
BRDA:307,87,0,0
BRDA:307,87,1,0
BRDA:309,88,0,0
BRDA:309,88,1,0
BRDA:311,89,0,0
BRDA:311,89,1,0
BRDA:313,90,0,0
BRDA:313,90,1,0
BRDA:314,91,0,0
BRDA:314,91,1,0
BRDA:327,92,0,0
BRDA:327,92,1,0
BRDA:340,93,0,0
BRDA:340,93,1,0
BRDA:342,94,0,0
BRDA:342,94,1,0
BRDA:345,95,0,0
BRDA:345,95,1,0
BRDA:353,96,0,0
BRDA:353,96,1,0
BRDA:355,97,0,0
BRDA:355,97,1,0
BRDA:382,98,0,0
BRDA:382,98,1,2
BRDA:385,99,0,0
BRDA:385,99,1,0
BRDA:404,100,0,0
BRDA:404,100,1,4
BRDA:405,101,0,0
BRDA:405,101,1,4
BRDA:407,102,0,0
BRDA:407,102,1,0
BRDA:412,103,0,2
BRDA:412,103,1,2
BRDA:414,104,0,1
BRDA:414,104,1,1
BRDA:425,105,0,0
BRDA:425,105,1,10
BRDA:439,106,0,10
BRDA:439,106,1,2
BRDA:442,107,0,0
BRDA:442,107,1,10
BRDA:449,108,0,0
BRDA:449,108,1,10
BRF:223
BRH:92
end_of_record
TN:
SF:components\Links.js
FN:23,Links
FN:55,(anonymous_2)
FN:55,(anonymous_3)
FN:65,(anonymous_4)
FNF:4
FNH:2
FNDA:3,Links
FNDA:0,(anonymous_2)
FNDA:0,(anonymous_3)
FNDA:9,(anonymous_4)
DA:3,1
DA:5,1
DA:23,3
DA:24,3
DA:26,3
DA:27,3
DA:28,3
DA:29,3
DA:31,0
DA:33,3
DA:34,3
DA:55,0
DA:66,9
LF:13
LH:11
BRDA:23,0,0,3
BRDA:26,1,0,3
BRDA:26,1,1,0
BRDA:28,2,0,3
BRDA:28,2,1,0
BRDA:34,3,0,3
BRDA:34,3,1,0
BRDA:48,4,0,3
BRDA:48,4,1,0
BRDA:49,5,0,3
BRDA:49,5,1,0
BRDA:50,6,0,3
BRDA:50,6,1,0
BRDA:51,7,0,3
BRDA:51,7,1,0
BRDA:60,8,0,3
BRDA:60,8,1,0
BRF:17
BRH:9
end_of_record
TN:
SF:components\PageContainer.js
FN:4,PageContainer
FNF:1
FNH:1
FNDA:8,PageContainer
DA:4,10
DA:10,8
LF:2
LH:2
BRDA:8,0,0,0
BRDA:10,1,0,8
BRDA:10,1,1,0
BRF:3
BRH:1
end_of_record
TN:
SF:components\Sidebar.js
FN:15,(anonymous_2)
FN:28,(anonymous_3)
FN:29,(anonymous_4)
FN:30,(anonymous_5)
FN:38,(anonymous_6)
FN:44,Sidebar
FN:48,(anonymous_8)
FN:53,(anonymous_9)
FN:55,(anonymous_10)
FN:59,(anonymous_11)
FN:60,(anonymous_12)
FN:61,(anonymous_13)
FN:62,(anonymous_14)
FN:82,(anonymous_15)
FNF:14
FNH:10
FNDA:10,(anonymous_2)
FNDA:13,(anonymous_3)
FNDA:9,(anonymous_4)
FNDA:10,(anonymous_5)
FNDA:1,(anonymous_6)
FNDA:5,Sidebar
FNDA:1,(anonymous_8)
FNDA:1,(anonymous_9)
FNDA:44,(anonymous_10)
FNDA:0,(anonymous_11)
FNDA:0,(anonymous_12)
FNDA:0,(anonymous_13)
FNDA:0,(anonymous_14)
FNDA:44,(anonymous_15)
DA:2,1
DA:3,1
DA:4,1
DA:5,1
DA:8,1
DA:9,1
DA:15,1
DA:16,10
DA:17,10
DA:18,0
DA:20,10
DA:21,10
DA:24,1
DA:28,13
DA:29,9
DA:30,10
DA:38,1
DA:39,1
DA:40,1
DA:41,1
DA:44,3
DA:45,5
DA:46,5
DA:48,5
DA:49,1
DA:50,1
DA:53,5
DA:55,5
DA:56,44
DA:57,44
DA:58,44
DA:59,0
DA:60,0
DA:61,0
DA:62,0
DA:83,44
DA:84,44
DA:85,44
DA:86,44
LF:39
LH:34
BRDA:17,0,0,0
BRDA:17,0,1,10
BRDA:20,1,0,10
BRDA:20,1,1,0
BRDA:39,2,0,0
BRDA:39,2,1,1
BRDA:40,3,0,1
BRDA:40,3,1,1
BRDA:59,4,0,0
BRDA:59,4,1,0
BRDA:61,5,0,0
BRDA:61,5,1,0
BRDA:67,6,0,1
BRDA:67,6,1,4
BRDA:69,7,0,4
BRDA:84,8,0,44
BRDA:84,8,1,40
BRDA:85,9,0,4
BRDA:85,9,1,40
BRF:19
BRH:12
end_of_record
TN:
SF:components\ZoomPan.js
FN:5,ZoomPan
FN:24,(anonymous_2)
FN:25,(anonymous_3)
FN:31,(anonymous_4)
FN:40,(anonymous_5)
FN:42,(anonymous_6)
FN:87,(anonymous_7)
FN:126,(anonymous_8)
FN:137,(anonymous_9)
FN:146,(anonymous_10)
FN:185,(anonymous_11)
FN:210,(anonymous_12)
FN:228,(anonymous_13)
FN:242,(anonymous_14)
FN:265,(anonymous_15)
FN:279,(anonymous_16)
FN:282,(anonymous_17)
FN:296,(anonymous_18)
FN:300,(anonymous_19)
FN:309,(anonymous_20)
FN:314,(anonymous_21)
FN:330,(anonymous_22)
FN:339,(anonymous_23)
FN:346,(anonymous_24)
FN:360,(anonymous_25)
FN:361,(anonymous_26)
FN:380,(anonymous_27)
FN:384,(anonymous_28)
FN:388,(anonymous_29)
FN:392,(anonymous_30)
FN:397,(anonymous_31)
FN:400,(anonymous_32)
FN:401,(anonymous_33)
FN:403,(anonymous_34)
FN:410,(anonymous_35)
FN:425,(anonymous_36)
FN:435,(anonymous_37)
FN:444,(anonymous_38)
FNF:38
FNH:23
FNDA:11,ZoomPan
FNDA:7,(anonymous_2)
FNDA:0,(anonymous_3)
FNDA:5,(anonymous_4)
FNDA:3,(anonymous_5)
FNDA:3,(anonymous_6)
FNDA:0,(anonymous_7)
FNDA:0,(anonymous_8)
FNDA:0,(anonymous_9)
FNDA:15,(anonymous_10)
FNDA:3,(anonymous_11)
FNDA:3,(anonymous_12)
FNDA:3,(anonymous_13)
FNDA:3,(anonymous_14)
FNDA:3,(anonymous_15)
FNDA:3,(anonymous_16)
FNDA:2,(anonymous_17)
FNDA:3,(anonymous_18)
FNDA:3,(anonymous_19)
FNDA:3,(anonymous_20)
FNDA:0,(anonymous_21)
FNDA:0,(anonymous_22)
FNDA:3,(anonymous_23)
FNDA:0,(anonymous_24)
FNDA:3,(anonymous_25)
FNDA:0,(anonymous_26)
FNDA:0,(anonymous_27)
FNDA:0,(anonymous_28)
FNDA:0,(anonymous_29)
FNDA:0,(anonymous_30)
FNDA:3,(anonymous_31)
FNDA:0,(anonymous_32)
FNDA:0,(anonymous_33)
FNDA:3,(anonymous_34)
FNDA:9,(anonymous_35)
FNDA:0,(anonymous_36)
FNDA:1,(anonymous_37)
FNDA:1,(anonymous_38)
DA:2,2
DA:5,2
DA:20,11
DA:21,11
DA:22,11
DA:24,11
DA:26,0
DA:27,0
DA:28,0
DA:29,0
DA:32,5
DA:37,11
DA:40,11
DA:42,11
DA:43,3
DA:44,3
DA:45,3
DA:46,3
DA:47,3
DA:48,3
DA:50,0
DA:54,0
DA:56,0
DA:57,0
DA:58,0
DA:59,0
DA:66,0
DA:75,0
DA:76,0
DA:77,0
DA:79,0
DA:81,0
DA:86,11
DA:88,0
DA:89,0
DA:90,0
DA:92,0
DA:93,0
DA:95,0
DA:96,0
DA:97,0
DA:98,0
DA:99,0
DA:100,0
DA:101,0
DA:104,0
DA:105,0
DA:106,0
DA:109,0
DA:110,0
DA:113,0
DA:114,0
DA:117,0
DA:118,0
DA:120,0
DA:121,0
DA:126,11
DA:127,0
DA:128,0
DA:129,0
DA:130,0
DA:136,11
DA:138,0
DA:139,0
DA:140,0
DA:145,11
DA:147,15
DA:149,15
DA:150,15
DA:151,15
DA:152,15
DA:154,0
DA:155,0
DA:157,0
DA:158,0
DA:159,0
DA:160,0
DA:162,0
DA:163,0
DA:164,0
DA:165,0
DA:167,0
DA:168,0
DA:169,0
DA:170,0
DA:172,0
DA:177,0
DA:178,0
DA:179,0
DA:180,0
DA:185,11
DA:186,3
DA:187,0
DA:190,3
DA:191,3
DA:193,3
DA:194,3
DA:195,3
DA:196,3
DA:197,3
DA:198,0
DA:205,3
DA:206,3
DA:207,3
DA:210,11
DA:211,3
DA:215,11
DA:225,11
DA:228,11
DA:229,3
DA:242,11
DA:243,3
DA:244,0
DA:245,0
DA:246,0
DA:249,0
DA:250,0
DA:251,0
DA:252,0
DA:253,0
DA:256,0
DA:257,0
DA:265,11
DA:266,3
DA:267,2
DA:268,0
DA:271,2
DA:272,2
DA:274,2
DA:275,2
DA:279,11
DA:280,3
DA:282,3
DA:283,2
DA:284,2
DA:285,2
DA:286,0
DA:288,2
DA:289,2
DA:290,2
DA:291,2
DA:292,2
DA:295,3
DA:296,3
DA:300,11
DA:301,3
DA:302,0
DA:303,0
DA:304,0
DA:309,11
DA:310,3
DA:311,3
DA:314,3
DA:315,0
DA:316,0
DA:317,0
DA:318,0
DA:319,0
DA:320,0
DA:321,0
DA:322,0
DA:323,0
DA:324,0
DA:325,0
DA:326,0
DA:330,3
DA:331,0
DA:332,0
DA:336,3
DA:337,3
DA:339,3
DA:340,3
DA:341,3
DA:346,11
DA:347,0
DA:348,0
DA:349,0
DA:350,0
DA:353,0
DA:356,0
DA:360,11
DA:361,3
DA:362,0
DA:363,0
DA:364,0
DA:365,0
DA:366,0
DA:367,0
DA:369,0
DA:370,0
DA:371,0
DA:372,0
DA:373,0
DA:375,0
DA:376,0
DA:378,0
DA:379,0
DA:380,0
DA:382,0
DA:383,0
DA:384,0
DA:386,0
DA:387,0
DA:388,0
DA:390,0
DA:391,0
DA:392,0
DA:396,3
DA:397,3
DA:400,11
DA:401,11
DA:403,11
DA:404,3
DA:406,1
DA:407,1
DA:408,1
DA:410,1
DA:411,9
DA:412,9
DA:413,9
DA:414,9
DA:415,9
DA:419,1
DA:421,1
DA:422,1
DA:423,1
DA:424,1
DA:425,0
DA:426,0
DA:427,0
DA:428,0
DA:431,0
DA:434,1
DA:435,1
DA:436,1
DA:437,1
DA:438,1
DA:441,1
DA:444,1
DA:445,1
DA:446,1
DA:447,1
DA:448,1
DA:525,10
LF:244
LH:112
BRDA:7,0,0,0
BRDA:8,1,0,0
BRDA:9,2,0,0
BRDA:10,3,0,0
BRDA:11,4,0,11
BRDA:12,5,0,11
BRDA:13,6,0,0
BRDA:14,7,0,11
BRDA:15,8,0,0
BRDA:16,9,0,0
BRDA:17,10,0,4
BRDA:27,11,0,0
BRDA:27,11,1,0
BRDA:32,12,0,5
BRDA:32,12,1,0
BRDA:44,13,0,0
BRDA:44,13,1,3
BRDA:46,14,0,0
BRDA:46,14,1,3
BRDA:48,15,0,3
BRDA:48,15,1,0
BRDA:50,16,0,0
BRDA:50,16,1,0
BRDA:50,16,2,0
BRDA:54,17,0,0
BRDA:54,17,1,0
BRDA:57,18,0,0
BRDA:57,18,1,0
BRDA:59,19,0,0
BRDA:59,19,1,0
BRDA:60,20,0,0
BRDA:60,20,1,0
BRDA:60,20,2,0
BRDA:60,20,3,0
BRDA:60,20,4,0
BRDA:76,21,0,0
BRDA:76,21,1,0
BRDA:76,22,0,0
BRDA:76,22,1,0
BRDA:76,22,2,0
BRDA:76,22,3,0
BRDA:89,23,0,0
BRDA:89,23,1,0
BRDA:96,24,0,0
BRDA:96,24,1,0
BRDA:96,25,0,0
BRDA:96,25,1,0
BRDA:104,26,0,0
BRDA:104,26,1,0
BRDA:104,27,0,0
BRDA:104,27,1,0
BRDA:128,28,0,0
BRDA:128,28,1,0
BRDA:139,29,0,0
BRDA:139,29,1,0
BRDA:146,30,0,9
BRDA:146,31,0,9
BRDA:146,32,0,10
BRDA:147,33,0,0
BRDA:147,33,1,15
BRDA:147,34,0,15
BRDA:147,34,1,9
BRDA:150,35,0,0
BRDA:150,35,1,15
BRDA:152,36,0,15
BRDA:152,36,1,0
BRDA:152,37,0,15
BRDA:152,37,1,0
BRDA:155,38,0,0
BRDA:155,38,1,0
BRDA:157,39,0,0
BRDA:157,39,1,0
BRDA:160,40,0,0
BRDA:160,40,1,0
BRDA:160,41,0,0
BRDA:160,41,1,0
BRDA:165,42,0,0
BRDA:165,42,1,0
BRDA:165,43,0,0
BRDA:165,43,1,0
BRDA:186,44,0,0
BRDA:186,44,1,3
BRDA:186,45,0,3
BRDA:186,45,1,1
BRDA:194,46,0,3
BRDA:194,46,1,0
BRDA:197,47,0,0
BRDA:197,47,1,3
BRDA:243,48,0,3
BRDA:243,48,1,0
BRDA:243,49,0,3
BRDA:243,49,1,0
BRDA:249,50,0,0
BRDA:249,50,1,0
BRDA:249,51,0,0
BRDA:249,51,1,0
BRDA:256,52,0,0
BRDA:256,52,1,0
BRDA:266,53,0,2
BRDA:266,53,1,1
BRDA:267,54,0,0
BRDA:267,54,1,2
BRDA:280,55,0,0
BRDA:280,55,1,3
BRDA:284,56,0,0
BRDA:284,56,1,2
BRDA:285,57,0,0
BRDA:285,57,1,2
BRDA:301,58,0,0
BRDA:301,58,1,3
BRDA:311,59,0,0
BRDA:311,59,1,3
BRDA:317,60,0,0
BRDA:317,60,1,0
BRDA:321,61,0,0
BRDA:321,61,1,0
BRDA:322,62,0,0
BRDA:322,62,1,0
BRDA:323,63,0,0
BRDA:323,63,1,0
BRDA:324,64,0,0
BRDA:324,64,1,0
BRDA:331,65,0,0
BRDA:331,65,1,0
BRDA:331,66,0,0
BRDA:331,66,1,0
BRDA:347,67,0,0
BRDA:347,67,1,0
BRDA:350,68,0,0
BRDA:350,68,1,0
BRDA:350,69,0,0
BRDA:350,69,1,0
BRDA:352,70,0,0
BRDA:352,70,1,0
BRDA:352,71,0,0
BRDA:352,71,1,0
BRDA:353,72,0,0
BRDA:353,72,1,0
BRDA:353,73,0,0
BRDA:353,73,1,0
BRDA:355,74,0,0
BRDA:355,74,1,0
BRDA:355,75,0,0
BRDA:355,75,1,0
BRDA:362,76,0,0
BRDA:362,76,1,0
BRDA:363,77,0,0
BRDA:363,77,1,0
BRDA:363,78,0,0
BRDA:363,78,1,0
BRDA:365,79,0,0
BRDA:365,79,1,0
BRDA:366,80,0,0
BRDA:366,80,1,0
BRDA:369,81,0,0
BRDA:369,81,1,0
BRDA:369,82,0,0
BRDA:369,82,1,0
BRDA:371,83,0,0
BRDA:371,83,1,0
BRDA:372,84,0,0
BRDA:372,84,1,0
BRDA:375,85,0,0
BRDA:375,85,1,0
BRDA:378,86,0,0
BRDA:378,86,1,0
BRDA:382,87,0,0
BRDA:382,87,1,0
BRDA:386,88,0,0
BRDA:386,88,1,0
BRDA:390,89,0,0
BRDA:390,89,1,0
BRDA:404,90,0,2
BRDA:404,90,1,1
BRDA:411,91,0,0
BRDA:411,91,1,9
BRDA:411,92,0,9
BRDA:411,92,1,9
BRDA:414,93,0,9
BRDA:414,93,1,0
BRDA:414,94,0,9
BRDA:414,94,1,9
BRDA:424,95,0,0
BRDA:424,95,1,1
BRDA:424,96,0,1
BRDA:424,96,1,0
BRDA:426,97,0,0
BRDA:426,97,1,0
BRDA:426,98,0,0
BRDA:426,98,1,0
BRDA:434,99,0,1
BRDA:434,99,1,0
BRDA:434,100,0,1
BRDA:434,100,1,1
BRDA:436,101,0,1
BRDA:436,101,1,0
BRDA:436,102,0,1
BRDA:436,102,1,1
BRDA:446,103,0,1
BRDA:446,103,1,0
BRDA:447,104,0,0
BRDA:447,104,1,1
BRDA:448,105,0,1
BRDA:448,105,1,0
BRDA:468,106,0,0
BRDA:468,106,1,11
BRDA:483,107,0,11
BRF:207
BRH:53
end_of_record
TN:
SF:components\legend.jsx
FN:73,(anonymous_4)
FN:77,(anonymous_5)
FN:80,(anonymous_6)
FN:86,SwatchItem
FN:91,(anonymous_8)
FN:92,(anonymous_9)
FN:93,(anonymous_10)
FN:94,(anonymous_11)
FN:107,Legend
FN:113,(anonymous_13)
FN:117,(anonymous_14)
FN:121,(anonymous_15)
FN:123,(anonymous_16)
FN:128,(anonymous_17)
FN:133,(anonymous_18)
FN:138,(anonymous_19)
FN:139,(anonymous_20)
FN:143,(anonymous_21)
FN:153,(anonymous_22)
FN:159,(anonymous_23)
FN:164,(anonymous_24)
FN:173,(anonymous_25)
FN:181,(anonymous_26)
FN:207,(anonymous_27)
FN:219,(anonymous_28)
FN:241,(anonymous_29)
FN:241,(anonymous_30)
FN:253,(anonymous_31)
FN:268,(anonymous_32)
FNF:29
FNH:25
FNDA:21,(anonymous_4)
FNDA:0,(anonymous_5)
FNDA:7,(anonymous_6)
FNDA:84,SwatchItem
FNDA:1,(anonymous_8)
FNDA:1,(anonymous_9)
FNDA:0,(anonymous_10)
FNDA:0,(anonymous_11)
FNDA:13,Legend
FNDA:7,(anonymous_13)
FNDA:9,(anonymous_14)
FNDA:182,(anonymous_15)
FNDA:1,(anonymous_16)
FNDA:1,(anonymous_17)
FNDA:91,(anonymous_18)
FNDA:1,(anonymous_19)
FNDA:1,(anonymous_20)
FNDA:7,(anonymous_21)
FNDA:7,(anonymous_22)
FNDA:10,(anonymous_23)
FNDA:9,(anonymous_24)
FNDA:9,(anonymous_25)
FNDA:1,(anonymous_26)
FNDA:0,(anonymous_27)
FNDA:1,(anonymous_28)
FNDA:3,(anonymous_29)
FNDA:3,(anonymous_30)
FNDA:26,(anonymous_31)
FNDA:52,(anonymous_32)
DA:4,2
DA:6,2
DA:16,2
DA:51,2
DA:52,2
DA:54,2
DA:59,2
DA:66,2
DA:73,2
DA:74,21
DA:75,15
DA:76,15
DA:77,0
DA:80,2
DA:81,7
DA:82,7
DA:87,84
DA:91,1
DA:92,1
DA:93,0
DA:94,0
DA:107,7
DA:108,13
DA:110,13
DA:111,13
DA:112,13
DA:113,7
DA:116,13
DA:117,9
DA:120,13
DA:121,182
DA:123,13
DA:124,1
DA:125,1
DA:128,13
DA:129,1
DA:130,1
DA:133,13
DA:134,91
DA:135,91
DA:136,91
DA:137,91
DA:138,1
DA:139,1
DA:143,13
DA:144,7
DA:145,7
DA:146,7
DA:147,1
DA:148,1
DA:153,13
DA:154,7
DA:155,7
DA:156,7
DA:159,13
DA:160,10
DA:161,10
DA:164,13
DA:165,9
DA:166,9
DA:167,2
DA:169,7
DA:173,13
DA:174,9
DA:175,7
DA:176,7
DA:177,0
DA:181,13
DA:182,1
DA:183,1
DA:184,1
DA:188,13
DA:207,0
DA:219,1
DA:241,3
DA:254,26
DA:269,52
DA:291,13
DA:299,13
LF:79
LH:74
BRDA:74,0,0,6
BRDA:74,0,1,15
BRDA:76,1,0,15
BRDA:76,1,1,0
BRDA:77,2,0,0
BRDA:77,2,1,0
BRDA:81,3,0,0
BRDA:81,3,1,7
BRDA:86,4,0,0
BRDA:107,5,0,13
BRDA:107,6,0,13
BRDA:107,7,0,7
BRDA:113,8,0,7
BRDA:113,8,1,0
BRDA:117,9,0,9
BRDA:117,9,1,0
BRDA:121,10,0,182
BRDA:121,10,1,0
BRDA:121,10,2,0
BRDA:124,11,0,0
BRDA:124,11,1,1
BRDA:124,12,0,1
BRDA:124,12,1,1
BRDA:129,13,0,0
BRDA:129,13,1,1
BRDA:135,14,0,0
BRDA:135,14,1,91
BRDA:144,15,0,0
BRDA:144,15,1,7
BRDA:146,16,0,1
BRDA:146,16,1,6
BRDA:154,17,0,0
BRDA:154,17,1,7
BRDA:156,18,0,3
BRDA:156,18,1,4
BRDA:160,19,0,0
BRDA:160,19,1,10
BRDA:161,20,0,8
BRDA:161,20,1,2
BRDA:165,21,0,0
BRDA:165,21,1,9
BRDA:166,22,0,2
BRDA:166,22,1,7
BRDA:174,23,0,2
BRDA:174,23,1,7
BRDA:176,24,0,0
BRDA:176,24,1,7
BRDA:176,25,0,7
BRDA:176,25,1,7
BRDA:182,26,0,0
BRDA:182,26,1,1
BRDA:188,27,0,10
BRDA:188,27,1,3
BRDA:206,28,0,11
BRDA:206,28,1,2
BRDA:218,29,0,2
BRDA:218,29,1,11
BRDA:234,30,0,10
BRDA:234,30,1,3
BRDA:235,31,0,10
BRDA:235,31,1,3
BRDA:236,32,0,10
BRDA:236,32,1,3
BRDA:237,33,0,10
BRDA:237,33,1,3
BRDA:244,34,0,10
BRDA:244,34,1,3
BRDA:246,35,0,10
BRDA:246,35,1,3
BRDA:247,36,0,10
BRDA:247,36,1,3
BRDA:291,37,0,0
BRDA:291,37,1,13
BRDA:299,38,0,10
BRDA:299,38,1,3
BRF:75
BRH:56
end_of_record
TN:
SF:lib\campus.js
FN:7,getAllBuildings
FN:16,getBuildingById
FN:17,(anonymous_8)
FN:25,getBuildingData
FN:26,(anonymous_10)
FN:33,generateBuildingFloorStaticParams
FN:36,(anonymous_12)
FN:37,(anonymous_13)
FNF:8
FNH:1
FNDA:1,getAllBuildings
FNDA:0,getBuildingById
FNDA:0,(anonymous_8)
FNDA:0,getBuildingData
FNDA:0,(anonymous_10)
FNDA:0,generateBuildingFloorStaticParams
FNDA:0,(anonymous_12)
FNDA:0,(anonymous_13)
DA:1,1
DA:7,1
DA:8,1
DA:16,0
DA:17,0
DA:25,0
DA:26,0
DA:33,0
DA:34,0
DA:36,0
DA:37,0
DA:38,0
DA:45,0
LF:13
LH:3
BRDA:17,0,0,0
BRDA:17,0,1,0
BRF:2
BRH:0
end_of_record
